{"D:\\repos\\BardicInspiration\\src\\apps\\YouTubeDJApp.ts": {"path":"D:\\repos\\BardicInspiration\\src\\apps\\YouTubeDJApp.ts","all":true,"statementMap":{"0":{"start":{"line":1,"column":0},"end":{"line":1,"column":3}},"27":{"start":{"line":28,"column":0},"end":{"line":28,"column":127}},"30":{"start":{"line":31,"column":0},"end":{"line":31,"column":30}},"33":{"start":{"line":34,"column":0},"end":{"line":34,"column":41}},"34":{"start":{"line":35,"column":0},"end":{"line":35,"column":39}},"35":{"start":{"line":36,"column":0},"end":{"line":36,"column":37}},"36":{"start":{"line":37,"column":0},"end":{"line":37,"column":39}},"39":{"start":{"line":40,"column":0},"end":{"line":40,"column":62}},"40":{"start":{"line":41,"column":0},"end":{"line":41,"column":56}},"41":{"start":{"line":42,"column":0},"end":{"line":42,"column":60}},"44":{"start":{"line":45,"column":0},"end":{"line":45,"column":52}},"45":{"start":{"line":46,"column":0},"end":{"line":46,"column":47}},"47":{"start":{"line":48,"column":0},"end":{"line":48,"column":29}},"48":{"start":{"line":49,"column":0},"end":{"line":49,"column":19}},"51":{"start":{"line":52,"column":0},"end":{"line":52,"column":44}},"54":{"start":{"line":55,"column":0},"end":{"line":55,"column":68}},"55":{"start":{"line":56,"column":0},"end":{"line":56,"column":70}},"56":{"start":{"line":57,"column":0},"end":{"line":57,"column":68}},"57":{"start":{"line":58,"column":0},"end":{"line":58,"column":66}},"60":{"start":{"line":61,"column":0},"end":{"line":61,"column":30}},"61":{"start":{"line":62,"column":0},"end":{"line":62,"column":106}},"62":{"start":{"line":63,"column":0},"end":{"line":63,"column":5}},"63":{"start":{"line":64,"column":0},"end":{"line":64,"column":31}},"64":{"start":{"line":65,"column":0},"end":{"line":65,"column":98}},"65":{"start":{"line":66,"column":0},"end":{"line":66,"column":5}},"66":{"start":{"line":67,"column":0},"end":{"line":67,"column":30}},"67":{"start":{"line":68,"column":0},"end":{"line":68,"column":101}},"68":{"start":{"line":69,"column":0},"end":{"line":69,"column":5}},"69":{"start":{"line":70,"column":0},"end":{"line":70,"column":29}},"70":{"start":{"line":71,"column":0},"end":{"line":71,"column":99}},"71":{"start":{"line":72,"column":0},"end":{"line":72,"column":5}},"76":{"start":{"line":77,"column":0},"end":{"line":77,"column":31}},"78":{"start":{"line":79,"column":0},"end":{"line":79,"column":78}},"79":{"start":{"line":80,"column":0},"end":{"line":80,"column":3}},"84":{"start":{"line":85,"column":0},"end":{"line":85,"column":28}},"85":{"start":{"line":86,"column":0},"end":{"line":86,"column":25}},"86":{"start":{"line":87,"column":0},"end":{"line":87,"column":19}},"87":{"start":{"line":88,"column":0},"end":{"line":88,"column":13}},"88":{"start":{"line":89,"column":0},"end":{"line":89,"column":35}},"89":{"start":{"line":90,"column":0},"end":{"line":90,"column":27}},"90":{"start":{"line":91,"column":0},"end":{"line":91,"column":22}},"91":{"start":{"line":92,"column":0},"end":{"line":92,"column":23}},"92":{"start":{"line":93,"column":0},"end":{"line":93,"column":6}},"93":{"start":{"line":94,"column":0},"end":{"line":94,"column":15}},"94":{"start":{"line":95,"column":0},"end":{"line":95,"column":17}},"95":{"start":{"line":96,"column":0},"end":{"line":96,"column":20}},"96":{"start":{"line":97,"column":0},"end":{"line":97,"column":5}},"97":{"start":{"line":98,"column":0},"end":{"line":98,"column":4}},"102":{"start":{"line":103,"column":0},"end":{"line":103,"column":26}},"103":{"start":{"line":104,"column":0},"end":{"line":104,"column":65}},"104":{"start":{"line":105,"column":0},"end":{"line":105,"column":3}},"109":{"start":{"line":110,"column":0},"end":{"line":110,"column":51}},"110":{"start":{"line":111,"column":0},"end":{"line":111,"column":54}},"111":{"start":{"line":112,"column":0},"end":{"line":112,"column":50}},"112":{"start":{"line":113,"column":0},"end":{"line":113,"column":35}},"114":{"start":{"line":115,"column":0},"end":{"line":115,"column":21}},"116":{"start":{"line":117,"column":0},"end":{"line":117,"column":54}},"117":{"start":{"line":118,"column":0},"end":{"line":118,"column":43}},"118":{"start":{"line":119,"column":0},"end":{"line":119,"column":43}},"119":{"start":{"line":120,"column":0},"end":{"line":120,"column":10}},"120":{"start":{"line":121,"column":0},"end":{"line":121,"column":6}},"122":{"start":{"line":123,"column":0},"end":{"line":123,"column":60}},"123":{"start":{"line":124,"column":0},"end":{"line":124,"column":49}},"124":{"start":{"line":125,"column":0},"end":{"line":125,"column":25}},"125":{"start":{"line":126,"column":0},"end":{"line":126,"column":52}},"126":{"start":{"line":127,"column":0},"end":{"line":127,"column":38}},"127":{"start":{"line":128,"column":0},"end":{"line":128,"column":7}},"129":{"start":{"line":130,"column":0},"end":{"line":130,"column":19}},"130":{"start":{"line":131,"column":0},"end":{"line":131,"column":3}},"135":{"start":{"line":136,"column":0},"end":{"line":136,"column":39}},"137":{"start":{"line":138,"column":0},"end":{"line":138,"column":117}},"138":{"start":{"line":139,"column":0},"end":{"line":139,"column":55}},"140":{"start":{"line":141,"column":0},"end":{"line":141,"column":70}},"141":{"start":{"line":142,"column":0},"end":{"line":142,"column":72}},"142":{"start":{"line":143,"column":0},"end":{"line":143,"column":7}},"145":{"start":{"line":146,"column":0},"end":{"line":146,"column":35}},"146":{"start":{"line":147,"column":0},"end":{"line":147,"column":105}},"147":{"start":{"line":148,"column":0},"end":{"line":148,"column":6}},"149":{"start":{"line":150,"column":0},"end":{"line":150,"column":35}},"150":{"start":{"line":151,"column":0},"end":{"line":151,"column":113}},"151":{"start":{"line":152,"column":0},"end":{"line":152,"column":6}},"152":{"start":{"line":153,"column":0},"end":{"line":153,"column":3}},"157":{"start":{"line":158,"column":0},"end":{"line":158,"column":57}},"158":{"start":{"line":159,"column":0},"end":{"line":159,"column":30}},"161":{"start":{"line":162,"column":0},"end":{"line":162,"column":54}},"162":{"start":{"line":163,"column":0},"end":{"line":163,"column":41}},"163":{"start":{"line":164,"column":0},"end":{"line":164,"column":89}},"164":{"start":{"line":165,"column":0},"end":{"line":165,"column":13}},"165":{"start":{"line":166,"column":0},"end":{"line":166,"column":5}},"168":{"start":{"line":169,"column":0},"end":{"line":169,"column":88}},"169":{"start":{"line":170,"column":0},"end":{"line":170,"column":26}},"170":{"start":{"line":171,"column":0},"end":{"line":171,"column":76}},"171":{"start":{"line":172,"column":0},"end":{"line":172,"column":13}},"172":{"start":{"line":173,"column":0},"end":{"line":173,"column":5}},"174":{"start":{"line":175,"column":0},"end":{"line":175,"column":9}},"176":{"start":{"line":177,"column":0},"end":{"line":177,"column":116}},"177":{"start":{"line":178,"column":0},"end":{"line":178,"column":128}},"178":{"start":{"line":179,"column":0},"end":{"line":179,"column":132}},"181":{"start":{"line":182,"column":0},"end":{"line":182,"column":25}},"182":{"start":{"line":183,"column":0},"end":{"line":183,"column":51}},"183":{"start":{"line":184,"column":0},"end":{"line":184,"column":48}},"184":{"start":{"line":185,"column":0},"end":{"line":185,"column":49}},"185":{"start":{"line":186,"column":0},"end":{"line":186,"column":9}},"187":{"start":{"line":188,"column":0},"end":{"line":188,"column":64}},"188":{"start":{"line":189,"column":0},"end":{"line":189,"column":21}},"189":{"start":{"line":190,"column":0},"end":{"line":190,"column":81}},"190":{"start":{"line":191,"column":0},"end":{"line":191,"column":5}},"191":{"start":{"line":192,"column":0},"end":{"line":192,"column":3}},"196":{"start":{"line":197,"column":0},"end":{"line":197,"column":39}},"197":{"start":{"line":198,"column":0},"end":{"line":198,"column":30}},"200":{"start":{"line":201,"column":0},"end":{"line":201,"column":73}},"201":{"start":{"line":202,"column":0},"end":{"line":202,"column":26}},"202":{"start":{"line":203,"column":0},"end":{"line":203,"column":96}},"203":{"start":{"line":204,"column":0},"end":{"line":204,"column":13}},"204":{"start":{"line":205,"column":0},"end":{"line":205,"column":5}},"207":{"start":{"line":208,"column":0},"end":{"line":208,"column":108}},"208":{"start":{"line":209,"column":0},"end":{"line":209,"column":112}},"209":{"start":{"line":210,"column":0},"end":{"line":210,"column":112}},"210":{"start":{"line":211,"column":0},"end":{"line":211,"column":112}},"211":{"start":{"line":212,"column":0},"end":{"line":212,"column":129}},"212":{"start":{"line":213,"column":0},"end":{"line":213,"column":123}},"213":{"start":{"line":214,"column":0},"end":{"line":214,"column":114}},"216":{"start":{"line":217,"column":0},"end":{"line":217,"column":112}},"217":{"start":{"line":218,"column":0},"end":{"line":218,"column":115}},"218":{"start":{"line":219,"column":0},"end":{"line":219,"column":105}},"219":{"start":{"line":220,"column":0},"end":{"line":220,"column":109}},"220":{"start":{"line":221,"column":0},"end":{"line":221,"column":105}},"221":{"start":{"line":222,"column":0},"end":{"line":222,"column":111}},"222":{"start":{"line":223,"column":0},"end":{"line":223,"column":136}},"225":{"start":{"line":226,"column":0},"end":{"line":226,"column":100}},"226":{"start":{"line":227,"column":0},"end":{"line":227,"column":102}},"227":{"start":{"line":228,"column":0},"end":{"line":228,"column":105}},"228":{"start":{"line":229,"column":0},"end":{"line":229,"column":109}},"229":{"start":{"line":230,"column":0},"end":{"line":230,"column":107}},"230":{"start":{"line":231,"column":0},"end":{"line":231,"column":109}},"233":{"start":{"line":234,"column":0},"end":{"line":234,"column":123}},"234":{"start":{"line":235,"column":0},"end":{"line":235,"column":125}},"237":{"start":{"line":238,"column":0},"end":{"line":238,"column":114}},"238":{"start":{"line":239,"column":0},"end":{"line":239,"column":115}},"241":{"start":{"line":242,"column":0},"end":{"line":242,"column":71}},"243":{"start":{"line":244,"column":0},"end":{"line":244,"column":78}},"244":{"start":{"line":245,"column":0},"end":{"line":245,"column":3}},"249":{"start":{"line":250,"column":0},"end":{"line":250,"column":98}},"251":{"start":{"line":252,"column":0},"end":{"line":252,"column":74}},"252":{"start":{"line":253,"column":0},"end":{"line":253,"column":26}},"253":{"start":{"line":254,"column":0},"end":{"line":254,"column":93}},"254":{"start":{"line":255,"column":0},"end":{"line":255,"column":13}},"255":{"start":{"line":256,"column":0},"end":{"line":256,"column":5}},"257":{"start":{"line":258,"column":0},"end":{"line":258,"column":42}},"259":{"start":{"line":260,"column":0},"end":{"line":260,"column":41}},"260":{"start":{"line":261,"column":0},"end":{"line":261,"column":54}},"263":{"start":{"line":264,"column":0},"end":{"line":264,"column":76}},"264":{"start":{"line":265,"column":0},"end":{"line":265,"column":64}},"265":{"start":{"line":266,"column":0},"end":{"line":266,"column":19}},"266":{"start":{"line":267,"column":0},"end":{"line":267,"column":36}},"267":{"start":{"line":268,"column":0},"end":{"line":268,"column":42}},"268":{"start":{"line":269,"column":0},"end":{"line":269,"column":43}},"269":{"start":{"line":270,"column":0},"end":{"line":270,"column":85}},"270":{"start":{"line":271,"column":0},"end":{"line":271,"column":11}},"271":{"start":{"line":272,"column":0},"end":{"line":272,"column":7}},"273":{"start":{"line":274,"column":0},"end":{"line":274,"column":70}},"274":{"start":{"line":275,"column":0},"end":{"line":275,"column":19}},"275":{"start":{"line":276,"column":0},"end":{"line":276,"column":7}},"276":{"start":{"line":277,"column":0},"end":{"line":277,"column":6}},"278":{"start":{"line":279,"column":0},"end":{"line":279,"column":102}},"279":{"start":{"line":280,"column":0},"end":{"line":280,"column":39}},"280":{"start":{"line":281,"column":0},"end":{"line":281,"column":3}},"289":{"start":{"line":290,"column":0},"end":{"line":290,"column":57}},"290":{"start":{"line":291,"column":0},"end":{"line":291,"column":69}},"291":{"start":{"line":292,"column":0},"end":{"line":292,"column":33}},"292":{"start":{"line":293,"column":0},"end":{"line":293,"column":42}},"293":{"start":{"line":294,"column":0},"end":{"line":294,"column":63}},"294":{"start":{"line":295,"column":0},"end":{"line":295,"column":67}},"295":{"start":{"line":296,"column":0},"end":{"line":296,"column":53}},"296":{"start":{"line":297,"column":0},"end":{"line":297,"column":7}},"298":{"start":{"line":299,"column":0},"end":{"line":299,"column":24}},"299":{"start":{"line":300,"column":0},"end":{"line":300,"column":81}},"300":{"start":{"line":301,"column":0},"end":{"line":301,"column":13}},"301":{"start":{"line":302,"column":0},"end":{"line":302,"column":5}},"304":{"start":{"line":305,"column":0},"end":{"line":305,"column":39}},"305":{"start":{"line":306,"column":0},"end":{"line":306,"column":87}},"306":{"start":{"line":307,"column":0},"end":{"line":307,"column":20}},"307":{"start":{"line":308,"column":0},"end":{"line":308,"column":12}},"309":{"start":{"line":310,"column":0},"end":{"line":310,"column":76}},"310":{"start":{"line":311,"column":0},"end":{"line":311,"column":5}},"313":{"start":{"line":314,"column":0},"end":{"line":314,"column":44}},"314":{"start":{"line":315,"column":0},"end":{"line":315,"column":3}},"319":{"start":{"line":320,"column":0},"end":{"line":320,"column":62}},"320":{"start":{"line":321,"column":0},"end":{"line":321,"column":34}},"323":{"start":{"line":324,"column":0},"end":{"line":324,"column":58}},"324":{"start":{"line":325,"column":0},"end":{"line":325,"column":78}},"325":{"start":{"line":326,"column":0},"end":{"line":326,"column":18}},"326":{"start":{"line":327,"column":0},"end":{"line":327,"column":5}},"329":{"start":{"line":330,"column":0},"end":{"line":330,"column":17}},"330":{"start":{"line":331,"column":0},"end":{"line":331,"column":3}},"340":{"start":{"line":341,"column":0},"end":{"line":341,"column":70}},"341":{"start":{"line":342,"column":0},"end":{"line":342,"column":34}},"342":{"start":{"line":343,"column":0},"end":{"line":343,"column":68}},"343":{"start":{"line":344,"column":0},"end":{"line":344,"column":66}},"346":{"start":{"line":347,"column":0},"end":{"line":347,"column":59}},"347":{"start":{"line":348,"column":0},"end":{"line":348,"column":43}},"348":{"start":{"line":349,"column":0},"end":{"line":349,"column":40}},"349":{"start":{"line":350,"column":0},"end":{"line":350,"column":84}},"350":{"start":{"line":351,"column":0},"end":{"line":351,"column":5}},"351":{"start":{"line":352,"column":0},"end":{"line":352,"column":3}},"356":{"start":{"line":357,"column":0},"end":{"line":357,"column":36}},"357":{"start":{"line":358,"column":0},"end":{"line":358,"column":22}},"359":{"start":{"line":360,"column":0},"end":{"line":360,"column":74}},"360":{"start":{"line":361,"column":0},"end":{"line":361,"column":49}},"361":{"start":{"line":362,"column":0},"end":{"line":362,"column":33}},"362":{"start":{"line":363,"column":0},"end":{"line":363,"column":35}},"363":{"start":{"line":364,"column":0},"end":{"line":364,"column":92}},"364":{"start":{"line":365,"column":0},"end":{"line":365,"column":7}},"367":{"start":{"line":368,"column":0},"end":{"line":368,"column":54}},"368":{"start":{"line":369,"column":0},"end":{"line":369,"column":95}},"369":{"start":{"line":370,"column":0},"end":{"line":370,"column":62}},"370":{"start":{"line":371,"column":0},"end":{"line":371,"column":119}},"373":{"start":{"line":374,"column":0},"end":{"line":374,"column":26}},"374":{"start":{"line":375,"column":0},"end":{"line":375,"column":82}},"375":{"start":{"line":376,"column":0},"end":{"line":376,"column":56}},"376":{"start":{"line":377,"column":0},"end":{"line":377,"column":54}},"377":{"start":{"line":378,"column":0},"end":{"line":378,"column":9}},"380":{"start":{"line":381,"column":0},"end":{"line":381,"column":27}},"381":{"start":{"line":382,"column":0},"end":{"line":382,"column":13}},"382":{"start":{"line":383,"column":0},"end":{"line":383,"column":55}},"383":{"start":{"line":384,"column":0},"end":{"line":384,"column":111}},"384":{"start":{"line":385,"column":0},"end":{"line":385,"column":53}},"385":{"start":{"line":386,"column":0},"end":{"line":386,"column":65}},"386":{"start":{"line":387,"column":0},"end":{"line":387,"column":25}},"387":{"start":{"line":388,"column":0},"end":{"line":388,"column":81}},"388":{"start":{"line":389,"column":0},"end":{"line":389,"column":17}},"389":{"start":{"line":390,"column":0},"end":{"line":390,"column":9}},"390":{"start":{"line":391,"column":0},"end":{"line":391,"column":7}},"393":{"start":{"line":394,"column":0},"end":{"line":394,"column":57}},"394":{"start":{"line":395,"column":0},"end":{"line":395,"column":32}},"397":{"start":{"line":398,"column":0},"end":{"line":398,"column":42}},"398":{"start":{"line":399,"column":0},"end":{"line":399,"column":48}},"399":{"start":{"line":400,"column":0},"end":{"line":400,"column":52}},"400":{"start":{"line":401,"column":0},"end":{"line":401,"column":7}},"401":{"start":{"line":402,"column":0},"end":{"line":402,"column":39}},"402":{"start":{"line":403,"column":0},"end":{"line":403,"column":45}},"403":{"start":{"line":404,"column":0},"end":{"line":404,"column":49}},"404":{"start":{"line":405,"column":0},"end":{"line":405,"column":7}},"405":{"start":{"line":406,"column":0},"end":{"line":406,"column":41}},"406":{"start":{"line":407,"column":0},"end":{"line":407,"column":47}},"407":{"start":{"line":408,"column":0},"end":{"line":408,"column":51}},"408":{"start":{"line":409,"column":0},"end":{"line":409,"column":7}},"411":{"start":{"line":412,"column":0},"end":{"line":412,"column":42}},"414":{"start":{"line":415,"column":0},"end":{"line":415,"column":33}},"416":{"start":{"line":417,"column":0},"end":{"line":417,"column":64}},"417":{"start":{"line":418,"column":0},"end":{"line":418,"column":12}},"419":{"start":{"line":420,"column":0},"end":{"line":420,"column":84}},"420":{"start":{"line":421,"column":0},"end":{"line":421,"column":5}},"421":{"start":{"line":422,"column":0},"end":{"line":422,"column":3}},"431":{"start":{"line":432,"column":0},"end":{"line":432,"column":68}},"432":{"start":{"line":433,"column":0},"end":{"line":433,"column":58}},"434":{"start":{"line":435,"column":0},"end":{"line":435,"column":3}},"439":{"start":{"line":440,"column":0},"end":{"line":440,"column":45}},"440":{"start":{"line":441,"column":0},"end":{"line":441,"column":62}},"442":{"start":{"line":443,"column":0},"end":{"line":443,"column":3}},"447":{"start":{"line":448,"column":0},"end":{"line":448,"column":66}},"448":{"start":{"line":449,"column":0},"end":{"line":449,"column":64}},"449":{"start":{"line":450,"column":0},"end":{"line":450,"column":3}},"454":{"start":{"line":455,"column":0},"end":{"line":455,"column":31}},"455":{"start":{"line":456,"column":0},"end":{"line":456,"column":107}},"457":{"start":{"line":458,"column":0},"end":{"line":458,"column":22}},"458":{"start":{"line":459,"column":0},"end":{"line":459,"column":31}},"459":{"start":{"line":460,"column":0},"end":{"line":460,"column":25}},"460":{"start":{"line":461,"column":0},"end":{"line":461,"column":5}},"462":{"start":{"line":463,"column":0},"end":{"line":463,"column":35}},"463":{"start":{"line":464,"column":0},"end":{"line":464,"column":21}},"464":{"start":{"line":465,"column":0},"end":{"line":465,"column":15}},"465":{"start":{"line":466,"column":0},"end":{"line":466,"column":3}},"470":{"start":{"line":471,"column":0},"end":{"line":471,"column":45}},"472":{"start":{"line":473,"column":0},"end":{"line":473,"column":36}},"473":{"start":{"line":474,"column":0},"end":{"line":474,"column":65}},"474":{"start":{"line":475,"column":0},"end":{"line":475,"column":14}},"475":{"start":{"line":476,"column":0},"end":{"line":476,"column":69}},"476":{"start":{"line":477,"column":0},"end":{"line":477,"column":7}},"479":{"start":{"line":480,"column":0},"end":{"line":480,"column":60}},"480":{"start":{"line":481,"column":0},"end":{"line":481,"column":55}},"481":{"start":{"line":482,"column":0},"end":{"line":482,"column":35}},"482":{"start":{"line":483,"column":0},"end":{"line":483,"column":30}},"485":{"start":{"line":486,"column":0},"end":{"line":486,"column":40}},"486":{"start":{"line":487,"column":0},"end":{"line":487,"column":46}},"487":{"start":{"line":488,"column":0},"end":{"line":488,"column":5}},"488":{"start":{"line":489,"column":0},"end":{"line":489,"column":37}},"489":{"start":{"line":490,"column":0},"end":{"line":490,"column":43}},"490":{"start":{"line":491,"column":0},"end":{"line":491,"column":5}},"491":{"start":{"line":492,"column":0},"end":{"line":492,"column":39}},"492":{"start":{"line":493,"column":0},"end":{"line":493,"column":45}},"493":{"start":{"line":494,"column":0},"end":{"line":494,"column":5}},"497":{"start":{"line":498,"column":0},"end":{"line":498,"column":70}},"499":{"start":{"line":500,"column":0},"end":{"line":500,"column":32}},"500":{"start":{"line":501,"column":0},"end":{"line":501,"column":3}},"501":{"start":{"line":502,"column":0},"end":{"line":502,"column":1}}},"s":{"0":0,"27":0,"30":0,"33":0,"34":0,"35":0,"36":0,"39":0,"40":0,"41":0,"44":0,"45":0,"47":0,"48":0,"51":0,"54":0,"55":0,"56":0,"57":0,"60":0,"61":0,"62":0,"63":0,"64":0,"65":0,"66":0,"67":0,"68":0,"69":0,"70":0,"71":0,"76":0,"78":0,"79":0,"84":0,"85":0,"86":0,"87":0,"88":0,"89":0,"90":0,"91":0,"92":0,"93":0,"94":0,"95":0,"96":0,"97":0,"102":0,"103":0,"104":0,"109":0,"110":0,"111":0,"112":0,"114":0,"116":0,"117":0,"118":0,"119":0,"120":0,"122":0,"123":0,"124":0,"125":0,"126":0,"127":0,"129":0,"130":0,"135":0,"137":0,"138":0,"140":0,"141":0,"142":0,"145":0,"146":0,"147":0,"149":0,"150":0,"151":0,"152":0,"157":0,"158":0,"161":0,"162":0,"163":0,"164":0,"165":0,"168":0,"169":0,"170":0,"171":0,"172":0,"174":0,"176":0,"177":0,"178":0,"181":0,"182":0,"183":0,"184":0,"185":0,"187":0,"188":0,"189":0,"190":0,"191":0,"196":0,"197":0,"200":0,"201":0,"202":0,"203":0,"204":0,"207":0,"208":0,"209":0,"210":0,"211":0,"212":0,"213":0,"216":0,"217":0,"218":0,"219":0,"220":0,"221":0,"222":0,"225":0,"226":0,"227":0,"228":0,"229":0,"230":0,"233":0,"234":0,"237":0,"238":0,"241":0,"243":0,"244":0,"249":0,"251":0,"252":0,"253":0,"254":0,"255":0,"257":0,"259":0,"260":0,"263":0,"264":0,"265":0,"266":0,"267":0,"268":0,"269":0,"270":0,"271":0,"273":0,"274":0,"275":0,"276":0,"278":0,"279":0,"280":0,"289":0,"290":0,"291":0,"292":0,"293":0,"294":0,"295":0,"296":0,"298":0,"299":0,"300":0,"301":0,"304":0,"305":0,"306":0,"307":0,"309":0,"310":0,"313":0,"314":0,"319":0,"320":0,"323":0,"324":0,"325":0,"326":0,"329":0,"330":0,"340":0,"341":0,"342":0,"343":0,"346":0,"347":0,"348":0,"349":0,"350":0,"351":0,"356":0,"357":0,"359":0,"360":0,"361":0,"362":0,"363":0,"364":0,"367":0,"368":0,"369":0,"370":0,"373":0,"374":0,"375":0,"376":0,"377":0,"380":0,"381":0,"382":0,"383":0,"384":0,"385":0,"386":0,"387":0,"388":0,"389":0,"390":0,"393":0,"394":0,"397":0,"398":0,"399":0,"400":0,"401":0,"402":0,"403":0,"404":0,"405":0,"406":0,"407":0,"408":0,"411":0,"414":0,"416":0,"417":0,"419":0,"420":0,"421":0,"431":0,"432":0,"434":0,"439":0,"440":0,"442":0,"447":0,"448":0,"449":0,"454":0,"455":0,"457":0,"458":0,"459":0,"460":0,"462":0,"463":0,"464":0,"465":0,"470":0,"472":0,"473":0,"474":0,"475":0,"476":0,"479":0,"480":0,"481":0,"482":0,"485":0,"486":0,"487":0,"488":0,"489":0,"490":0,"491":0,"492":0,"493":0,"497":0,"499":0,"500":0,"501":0},"branchMap":{"0":{"type":"branch","line":1,"loc":{"start":{"line":1,"column":19735},"end":{"line":502,"column":1}},"locations":[{"start":{"line":1,"column":19735},"end":{"line":502,"column":1}}]}},"b":{"0":[0]},"fnMap":{"0":{"name":"(empty-report)","decl":{"start":{"line":1,"column":19735},"end":{"line":502,"column":1}},"loc":{"start":{"line":1,"column":19735},"end":{"line":502,"column":1}},"line":1}},"f":{"0":0}}
,"D:\\repos\\BardicInspiration\\src\\lib\\logger.ts": {"path":"D:\\repos\\BardicInspiration\\src\\lib\\logger.ts","all":false,"statementMap":{"5":{"start":{"line":6,"column":0},"end":{"line":6,"column":22}},"6":{"start":{"line":7,"column":0},"end":{"line":7,"column":12}},"7":{"start":{"line":8,"column":0},"end":{"line":8,"column":11}},"8":{"start":{"line":9,"column":0},"end":{"line":9,"column":11}},"9":{"start":{"line":10,"column":0},"end":{"line":10,"column":11}},"12":{"start":{"line":13,"column":0},"end":{"line":13,"column":21}},"13":{"start":{"line":14,"column":0},"end":{"line":14,"column":34}},"14":{"start":{"line":15,"column":0},"end":{"line":15,"column":27}},"15":{"start":{"line":16,"column":0},"end":{"line":16,"column":33}},"16":{"start":{"line":17,"column":0},"end":{"line":17,"column":29}},"18":{"start":{"line":19,"column":0},"end":{"line":19,"column":41}},"19":{"start":{"line":20,"column":0},"end":{"line":20,"column":29}},"20":{"start":{"line":21,"column":0},"end":{"line":21,"column":53}},"21":{"start":{"line":22,"column":0},"end":{"line":22,"column":105}},"22":{"start":{"line":23,"column":0},"end":{"line":23,"column":3}},"24":{"start":{"line":25,"column":0},"end":{"line":25,"column":78}},"25":{"start":{"line":26,"column":0},"end":{"line":26,"column":27}},"26":{"start":{"line":27,"column":0},"end":{"line":27,"column":45}},"27":{"start":{"line":28,"column":0},"end":{"line":28,"column":5}},"28":{"start":{"line":29,"column":0},"end":{"line":29,"column":27}},"29":{"start":{"line":30,"column":0},"end":{"line":30,"column":3}},"31":{"start":{"line":32,"column":0},"end":{"line":32,"column":43}},"33":{"start":{"line":34,"column":0},"end":{"line":34,"column":12}},"35":{"start":{"line":36,"column":0},"end":{"line":36,"column":87}},"36":{"start":{"line":37,"column":0},"end":{"line":37,"column":49}},"37":{"start":{"line":38,"column":0},"end":{"line":38,"column":49}},"38":{"start":{"line":39,"column":0},"end":{"line":39,"column":40}},"40":{"start":{"line":41,"column":0},"end":{"line":41,"column":35}},"42":{"start":{"line":43,"column":0},"end":{"line":43,"column":3}},"44":{"start":{"line":45,"column":0},"end":{"line":45,"column":65}},"45":{"start":{"line":46,"column":0},"end":{"line":46,"column":71}},"46":{"start":{"line":47,"column":0},"end":{"line":47,"column":3}},"48":{"start":{"line":49,"column":0},"end":{"line":49,"column":55}},"49":{"start":{"line":50,"column":0},"end":{"line":50,"column":42}},"50":{"start":{"line":51,"column":0},"end":{"line":51,"column":67}},"51":{"start":{"line":52,"column":0},"end":{"line":52,"column":5}},"52":{"start":{"line":53,"column":0},"end":{"line":53,"column":3}},"54":{"start":{"line":55,"column":0},"end":{"line":55,"column":54}},"55":{"start":{"line":56,"column":0},"end":{"line":56,"column":41}},"56":{"start":{"line":57,"column":0},"end":{"line":57,"column":65}},"57":{"start":{"line":58,"column":0},"end":{"line":58,"column":5}},"58":{"start":{"line":59,"column":0},"end":{"line":59,"column":3}},"60":{"start":{"line":61,"column":0},"end":{"line":61,"column":54}},"61":{"start":{"line":62,"column":0},"end":{"line":62,"column":41}},"62":{"start":{"line":63,"column":0},"end":{"line":63,"column":65}},"63":{"start":{"line":64,"column":0},"end":{"line":64,"column":5}},"64":{"start":{"line":65,"column":0},"end":{"line":65,"column":3}},"66":{"start":{"line":67,"column":0},"end":{"line":67,"column":55}},"67":{"start":{"line":68,"column":0},"end":{"line":68,"column":42}},"68":{"start":{"line":69,"column":0},"end":{"line":69,"column":65}},"69":{"start":{"line":70,"column":0},"end":{"line":70,"column":5}},"70":{"start":{"line":71,"column":0},"end":{"line":71,"column":3}},"72":{"start":{"line":73,"column":0},"end":{"line":73,"column":53}},"74":{"start":{"line":75,"column":0},"end":{"line":75,"column":33}},"75":{"start":{"line":76,"column":0},"end":{"line":76,"column":3}},"78":{"start":{"line":79,"column":0},"end":{"line":79,"column":56}},"79":{"start":{"line":80,"column":0},"end":{"line":80,"column":47}},"80":{"start":{"line":81,"column":0},"end":{"line":81,"column":3}},"82":{"start":{"line":83,"column":0},"end":{"line":83,"column":56}},"83":{"start":{"line":84,"column":0},"end":{"line":84,"column":47}},"84":{"start":{"line":85,"column":0},"end":{"line":85,"column":3}},"86":{"start":{"line":87,"column":0},"end":{"line":87,"column":52}},"87":{"start":{"line":88,"column":0},"end":{"line":88,"column":43}},"88":{"start":{"line":89,"column":0},"end":{"line":89,"column":3}},"90":{"start":{"line":91,"column":0},"end":{"line":91,"column":53}},"91":{"start":{"line":92,"column":0},"end":{"line":92,"column":44}},"92":{"start":{"line":93,"column":0},"end":{"line":93,"column":3}},"95":{"start":{"line":96,"column":0},"end":{"line":96,"column":37}},"96":{"start":{"line":97,"column":0},"end":{"line":97,"column":30}},"97":{"start":{"line":98,"column":0},"end":{"line":98,"column":3}},"100":{"start":{"line":101,"column":0},"end":{"line":101,"column":45}},"101":{"start":{"line":102,"column":0},"end":{"line":102,"column":26}},"102":{"start":{"line":103,"column":0},"end":{"line":103,"column":3}},"103":{"start":{"line":104,"column":0},"end":{"line":104,"column":1}},"106":{"start":{"line":107,"column":0},"end":{"line":107,"column":43}}},"s":{"5":1,"6":1,"7":1,"8":1,"9":1,"12":1,"13":5,"14":5,"15":5,"16":5,"18":5,"19":5,"20":5,"21":5,"22":5,"24":5,"25":5,"26":5,"27":5,"28":5,"29":5,"31":5,"33":5,"35":5,"36":5,"37":0,"38":0,"40":0,"42":5,"44":5,"45":1404,"46":1404,"48":5,"49":0,"50":0,"51":0,"52":0,"54":5,"55":11,"56":11,"57":11,"58":11,"60":5,"61":84,"62":84,"63":84,"64":84,"66":5,"67":1309,"68":1309,"69":1309,"70":1309,"72":5,"74":0,"75":0,"78":5,"79":0,"80":0,"82":5,"83":0,"84":0,"86":5,"87":0,"88":0,"90":5,"91":0,"92":0,"95":5,"96":0,"97":0,"100":5,"101":0,"102":0,"103":5,"106":1},"branchMap":{"0":{"type":"branch","line":6,"loc":{"start":{"line":6,"column":7},"end":{"line":6,"column":22}},"locations":[{"start":{"line":6,"column":7},"end":{"line":6,"column":22}}]},"1":{"type":"branch","line":13,"loc":{"start":{"line":13,"column":7},"end":{"line":104,"column":1}},"locations":[{"start":{"line":13,"column":7},"end":{"line":104,"column":1}}]},"2":{"type":"branch","line":14,"loc":{"start":{"line":14,"column":2},"end":{"line":14,"column":34}},"locations":[{"start":{"line":14,"column":2},"end":{"line":14,"column":34}}]},"3":{"type":"branch","line":19,"loc":{"start":{"line":19,"column":10},"end":{"line":23,"column":3}},"locations":[{"start":{"line":19,"column":10},"end":{"line":23,"column":3}}]},"4":{"type":"branch","line":22,"loc":{"start":{"line":22,"column":41},"end":{"line":22,"column":105}},"locations":[{"start":{"line":22,"column":41},"end":{"line":22,"column":105}}]},"5":{"type":"branch","line":25,"loc":{"start":{"line":25,"column":16},"end":{"line":30,"column":3}},"locations":[{"start":{"line":25,"column":16},"end":{"line":30,"column":3}}]},"6":{"type":"branch","line":32,"loc":{"start":{"line":32,"column":10},"end":{"line":43,"column":3}},"locations":[{"start":{"line":32,"column":10},"end":{"line":43,"column":3}}]},"7":{"type":"branch","line":37,"loc":{"start":{"line":37,"column":35},"end":{"line":38,"column":49}},"locations":[{"start":{"line":37,"column":35},"end":{"line":38,"column":49}}]},"8":{"type":"branch","line":38,"loc":{"start":{"line":38,"column":35},"end":{"line":39,"column":40}},"locations":[{"start":{"line":38,"column":35},"end":{"line":39,"column":40}}]},"9":{"type":"branch","line":39,"loc":{"start":{"line":39,"column":31},"end":{"line":41,"column":35}},"locations":[{"start":{"line":39,"column":31},"end":{"line":41,"column":35}}]},"10":{"type":"branch","line":45,"loc":{"start":{"line":45,"column":10},"end":{"line":47,"column":3}},"locations":[{"start":{"line":45,"column":10},"end":{"line":47,"column":3}}]},"11":{"type":"branch","line":55,"loc":{"start":{"line":55,"column":9},"end":{"line":59,"column":3}},"locations":[{"start":{"line":55,"column":9},"end":{"line":59,"column":3}}]},"12":{"type":"branch","line":61,"loc":{"start":{"line":61,"column":9},"end":{"line":65,"column":3}},"locations":[{"start":{"line":61,"column":9},"end":{"line":65,"column":3}}]},"13":{"type":"branch","line":67,"loc":{"start":{"line":67,"column":9},"end":{"line":71,"column":3}},"locations":[{"start":{"line":67,"column":9},"end":{"line":71,"column":3}}]}},"b":{"0":[5],"1":[5],"2":[5],"3":[5],"4":[0],"5":[5],"6":[5],"7":[0],"8":[0],"9":[0],"10":[1404],"11":[11],"12":[84],"13":[1309]},"fnMap":{"0":{"name":"<instance_members_initializer>","decl":{"start":{"line":13,"column":7},"end":{"line":104,"column":1}},"loc":{"start":{"line":13,"column":7},"end":{"line":104,"column":1}},"line":13},"1":{"name":"<static_initializer>","decl":{"start":{"line":14,"column":2},"end":{"line":14,"column":34}},"loc":{"start":{"line":14,"column":2},"end":{"line":14,"column":34}},"line":14},"2":{"name":"Logger","decl":{"start":{"line":19,"column":10},"end":{"line":23,"column":3}},"loc":{"start":{"line":19,"column":10},"end":{"line":23,"column":3}},"line":19},"3":{"name":"getInstance","decl":{"start":{"line":25,"column":16},"end":{"line":30,"column":3}},"loc":{"start":{"line":25,"column":16},"end":{"line":30,"column":3}},"line":25},"4":{"name":"checkDevelopmentMode","decl":{"start":{"line":32,"column":10},"end":{"line":43,"column":3}},"loc":{"start":{"line":32,"column":10},"end":{"line":43,"column":3}},"line":32},"5":{"name":"formatMessage","decl":{"start":{"line":45,"column":10},"end":{"line":47,"column":3}},"loc":{"start":{"line":45,"column":10},"end":{"line":47,"column":3}},"line":45},"6":{"name":"error","decl":{"start":{"line":49,"column":9},"end":{"line":53,"column":3}},"loc":{"start":{"line":49,"column":9},"end":{"line":53,"column":3}},"line":49},"7":{"name":"warn","decl":{"start":{"line":55,"column":9},"end":{"line":59,"column":3}},"loc":{"start":{"line":55,"column":9},"end":{"line":59,"column":3}},"line":55},"8":{"name":"info","decl":{"start":{"line":61,"column":9},"end":{"line":65,"column":3}},"loc":{"start":{"line":61,"column":9},"end":{"line":65,"column":3}},"line":61},"9":{"name":"debug","decl":{"start":{"line":67,"column":9},"end":{"line":71,"column":3}},"loc":{"start":{"line":67,"column":9},"end":{"line":71,"column":3}},"line":67},"10":{"name":"log","decl":{"start":{"line":73,"column":9},"end":{"line":76,"column":3}},"loc":{"start":{"line":73,"column":9},"end":{"line":76,"column":3}},"line":73},"11":{"name":"socket","decl":{"start":{"line":79,"column":9},"end":{"line":81,"column":3}},"loc":{"start":{"line":79,"column":9},"end":{"line":81,"column":3}},"line":79},"12":{"name":"player","decl":{"start":{"line":83,"column":9},"end":{"line":85,"column":3}},"loc":{"start":{"line":83,"column":9},"end":{"line":85,"column":3}},"line":83},"13":{"name":"ui","decl":{"start":{"line":87,"column":9},"end":{"line":89,"column":3}},"loc":{"start":{"line":87,"column":9},"end":{"line":89,"column":3}},"line":87},"14":{"name":"api","decl":{"start":{"line":91,"column":9},"end":{"line":93,"column":3}},"loc":{"start":{"line":91,"column":9},"end":{"line":93,"column":3}},"line":91},"15":{"name":"get development","decl":{"start":{"line":96,"column":2},"end":{"line":98,"column":3}},"loc":{"start":{"line":96,"column":2},"end":{"line":98,"column":3}},"line":96},"16":{"name":"setLogLevel","decl":{"start":{"line":101,"column":9},"end":{"line":103,"column":3}},"loc":{"start":{"line":101,"column":9},"end":{"line":103,"column":3}},"line":101}},"f":{"0":5,"1":5,"2":5,"3":5,"4":5,"5":1404,"6":0,"7":11,"8":84,"9":1309,"10":0,"11":0,"12":0,"13":0,"14":0,"15":0,"16":0}}
,"D:\\repos\\BardicInspiration\\src\\services\\PlayerManager.ts": {"path":"D:\\repos\\BardicInspiration\\src\\services\\PlayerManager.ts","all":true,"statementMap":{"0":{"start":{"line":1,"column":0},"end":{"line":1,"column":3}},"16":{"start":{"line":17,"column":0},"end":{"line":17,"column":28}},"17":{"start":{"line":18,"column":0},"end":{"line":18,"column":30}},"18":{"start":{"line":19,"column":0},"end":{"line":19,"column":50}},"20":{"start":{"line":21,"column":0},"end":{"line":21,"column":36}},"21":{"start":{"line":22,"column":0},"end":{"line":22,"column":23}},"24":{"start":{"line":25,"column":0},"end":{"line":25,"column":71}},"27":{"start":{"line":28,"column":0},"end":{"line":28,"column":72}},"30":{"start":{"line":31,"column":0},"end":{"line":31,"column":73}},"33":{"start":{"line":34,"column":0},"end":{"line":34,"column":69}},"34":{"start":{"line":35,"column":0},"end":{"line":35,"column":71}},"35":{"start":{"line":36,"column":0},"end":{"line":36,"column":69}},"36":{"start":{"line":37,"column":0},"end":{"line":37,"column":69}},"37":{"start":{"line":38,"column":0},"end":{"line":38,"column":3}},"46":{"start":{"line":47,"column":0},"end":{"line":47,"column":31}},"47":{"start":{"line":48,"column":0},"end":{"line":48,"column":29}},"48":{"start":{"line":49,"column":0},"end":{"line":49,"column":54}},"49":{"start":{"line":50,"column":0},"end":{"line":50,"column":5}},"52":{"start":{"line":53,"column":0},"end":{"line":53,"column":52}},"53":{"start":{"line":54,"column":0},"end":{"line":54,"column":63}},"54":{"start":{"line":55,"column":0},"end":{"line":55,"column":73}},"56":{"start":{"line":57,"column":0},"end":{"line":57,"column":25}},"58":{"start":{"line":59,"column":0},"end":{"line":59,"column":52}},"59":{"start":{"line":60,"column":0},"end":{"line":60,"column":72}},"60":{"start":{"line":61,"column":0},"end":{"line":61,"column":70}},"61":{"start":{"line":62,"column":0},"end":{"line":62,"column":35}},"62":{"start":{"line":63,"column":0},"end":{"line":63,"column":87}},"63":{"start":{"line":64,"column":0},"end":{"line":64,"column":52}},"64":{"start":{"line":65,"column":0},"end":{"line":65,"column":50}},"65":{"start":{"line":66,"column":0},"end":{"line":66,"column":9}},"66":{"start":{"line":67,"column":0},"end":{"line":67,"column":7}},"67":{"start":{"line":68,"column":0},"end":{"line":68,"column":80}},"68":{"start":{"line":69,"column":0},"end":{"line":69,"column":5}},"70":{"start":{"line":71,"column":0},"end":{"line":71,"column":55}},"71":{"start":{"line":72,"column":0},"end":{"line":72,"column":48}},"72":{"start":{"line":73,"column":0},"end":{"line":73,"column":44}},"73":{"start":{"line":74,"column":0},"end":{"line":74,"column":7}},"75":{"start":{"line":76,"column":0},"end":{"line":76,"column":9}},"77":{"start":{"line":78,"column":0},"end":{"line":78,"column":73}},"79":{"start":{"line":80,"column":0},"end":{"line":80,"column":30}},"80":{"start":{"line":81,"column":0},"end":{"line":81,"column":17}},"81":{"start":{"line":82,"column":0},"end":{"line":82,"column":41}},"82":{"start":{"line":83,"column":0},"end":{"line":83,"column":34}},"83":{"start":{"line":84,"column":0},"end":{"line":84,"column":9}},"84":{"start":{"line":85,"column":0},"end":{"line":85,"column":9}},"87":{"start":{"line":88,"column":0},"end":{"line":88,"column":28}},"90":{"start":{"line":91,"column":0},"end":{"line":91,"column":29}},"91":{"start":{"line":92,"column":0},"end":{"line":92,"column":21}},"92":{"start":{"line":93,"column":0},"end":{"line":93,"column":36}},"93":{"start":{"line":94,"column":0},"end":{"line":94,"column":29}},"94":{"start":{"line":95,"column":0},"end":{"line":95,"column":9}},"96":{"start":{"line":97,"column":0},"end":{"line":97,"column":21}},"97":{"start":{"line":98,"column":0},"end":{"line":98,"column":67}},"98":{"start":{"line":99,"column":0},"end":{"line":99,"column":18}},"99":{"start":{"line":100,"column":0},"end":{"line":100,"column":5}},"100":{"start":{"line":101,"column":0},"end":{"line":101,"column":3}},"105":{"start":{"line":106,"column":0},"end":{"line":106,"column":32}},"106":{"start":{"line":107,"column":0},"end":{"line":107,"column":29}},"107":{"start":{"line":108,"column":0},"end":{"line":108,"column":54}},"108":{"start":{"line":109,"column":0},"end":{"line":109,"column":5}},"110":{"start":{"line":111,"column":0},"end":{"line":111,"column":53}},"112":{"start":{"line":113,"column":0},"end":{"line":113,"column":9}},"114":{"start":{"line":115,"column":0},"end":{"line":115,"column":74}},"116":{"start":{"line":117,"column":0},"end":{"line":117,"column":30}},"117":{"start":{"line":118,"column":0},"end":{"line":118,"column":17}},"118":{"start":{"line":119,"column":0},"end":{"line":119,"column":41}},"119":{"start":{"line":120,"column":0},"end":{"line":120,"column":33}},"120":{"start":{"line":121,"column":0},"end":{"line":121,"column":9}},"121":{"start":{"line":122,"column":0},"end":{"line":122,"column":9}},"124":{"start":{"line":125,"column":0},"end":{"line":125,"column":27}},"127":{"start":{"line":128,"column":0},"end":{"line":128,"column":29}},"128":{"start":{"line":129,"column":0},"end":{"line":129,"column":22}},"129":{"start":{"line":130,"column":0},"end":{"line":130,"column":36}},"130":{"start":{"line":131,"column":0},"end":{"line":131,"column":29}},"131":{"start":{"line":132,"column":0},"end":{"line":132,"column":9}},"133":{"start":{"line":134,"column":0},"end":{"line":134,"column":21}},"134":{"start":{"line":135,"column":0},"end":{"line":135,"column":68}},"135":{"start":{"line":136,"column":0},"end":{"line":136,"column":18}},"136":{"start":{"line":137,"column":0},"end":{"line":137,"column":5}},"137":{"start":{"line":138,"column":0},"end":{"line":138,"column":3}},"142":{"start":{"line":143,"column":0},"end":{"line":143,"column":45}},"143":{"start":{"line":144,"column":0},"end":{"line":144,"column":29}},"144":{"start":{"line":145,"column":0},"end":{"line":145,"column":54}},"145":{"start":{"line":146,"column":0},"end":{"line":146,"column":5}},"147":{"start":{"line":148,"column":0},"end":{"line":148,"column":59}},"149":{"start":{"line":150,"column":0},"end":{"line":150,"column":9}},"151":{"start":{"line":152,"column":0},"end":{"line":152,"column":90}},"153":{"start":{"line":154,"column":0},"end":{"line":154,"column":30}},"154":{"start":{"line":155,"column":0},"end":{"line":155,"column":17}},"155":{"start":{"line":156,"column":0},"end":{"line":156,"column":41}},"156":{"start":{"line":157,"column":0},"end":{"line":157,"column":27}},"157":{"start":{"line":158,"column":0},"end":{"line":158,"column":9}},"158":{"start":{"line":159,"column":0},"end":{"line":159,"column":9}},"161":{"start":{"line":162,"column":0},"end":{"line":162,"column":29}},"162":{"start":{"line":163,"column":0},"end":{"line":163,"column":21}},"163":{"start":{"line":164,"column":0},"end":{"line":164,"column":36}},"164":{"start":{"line":165,"column":0},"end":{"line":165,"column":30}},"165":{"start":{"line":166,"column":0},"end":{"line":166,"column":22}},"166":{"start":{"line":167,"column":0},"end":{"line":167,"column":9}},"168":{"start":{"line":169,"column":0},"end":{"line":169,"column":21}},"169":{"start":{"line":170,"column":0},"end":{"line":170,"column":61}},"170":{"start":{"line":171,"column":0},"end":{"line":171,"column":18}},"171":{"start":{"line":172,"column":0},"end":{"line":172,"column":5}},"172":{"start":{"line":173,"column":0},"end":{"line":173,"column":3}},"178":{"start":{"line":179,"column":0},"end":{"line":179,"column":100}},"179":{"start":{"line":180,"column":0},"end":{"line":180,"column":29}},"180":{"start":{"line":181,"column":0},"end":{"line":181,"column":49}},"181":{"start":{"line":182,"column":0},"end":{"line":182,"column":5}},"183":{"start":{"line":184,"column":0},"end":{"line":184,"column":60}},"185":{"start":{"line":186,"column":0},"end":{"line":186,"column":9}},"187":{"start":{"line":188,"column":0},"end":{"line":188,"column":57}},"189":{"start":{"line":190,"column":0},"end":{"line":190,"column":30}},"190":{"start":{"line":191,"column":0},"end":{"line":191,"column":17}},"191":{"start":{"line":192,"column":0},"end":{"line":192,"column":41}},"192":{"start":{"line":193,"column":0},"end":{"line":193,"column":34}},"193":{"start":{"line":194,"column":0},"end":{"line":194,"column":34}},"194":{"start":{"line":195,"column":0},"end":{"line":195,"column":9}},"195":{"start":{"line":196,"column":0},"end":{"line":196,"column":9}},"198":{"start":{"line":199,"column":0},"end":{"line":199,"column":21}},"199":{"start":{"line":200,"column":0},"end":{"line":200,"column":107}},"200":{"start":{"line":201,"column":0},"end":{"line":201,"column":14}},"201":{"start":{"line":202,"column":0},"end":{"line":202,"column":106}},"202":{"start":{"line":203,"column":0},"end":{"line":203,"column":7}},"205":{"start":{"line":206,"column":0},"end":{"line":206,"column":29}},"206":{"start":{"line":207,"column":0},"end":{"line":207,"column":21}},"207":{"start":{"line":208,"column":0},"end":{"line":208,"column":36}},"208":{"start":{"line":209,"column":0},"end":{"line":209,"column":30}},"209":{"start":{"line":210,"column":0},"end":{"line":210,"column":47}},"210":{"start":{"line":211,"column":0},"end":{"line":211,"column":9}},"212":{"start":{"line":213,"column":0},"end":{"line":213,"column":81}},"214":{"start":{"line":215,"column":0},"end":{"line":215,"column":21}},"215":{"start":{"line":216,"column":0},"end":{"line":216,"column":67}},"216":{"start":{"line":217,"column":0},"end":{"line":217,"column":18}},"217":{"start":{"line":218,"column":0},"end":{"line":218,"column":5}},"218":{"start":{"line":219,"column":0},"end":{"line":219,"column":3}},"223":{"start":{"line":224,"column":0},"end":{"line":224,"column":31}},"224":{"start":{"line":225,"column":0},"end":{"line":225,"column":47}},"225":{"start":{"line":226,"column":0},"end":{"line":226,"column":42}},"226":{"start":{"line":227,"column":0},"end":{"line":227,"column":5}},"228":{"start":{"line":229,"column":0},"end":{"line":229,"column":9}},"229":{"start":{"line":230,"column":0},"end":{"line":230,"column":68}},"231":{"start":{"line":232,"column":0},"end":{"line":232,"column":30}},"232":{"start":{"line":233,"column":0},"end":{"line":233,"column":17}},"233":{"start":{"line":234,"column":0},"end":{"line":234,"column":41}},"234":{"start":{"line":235,"column":0},"end":{"line":235,"column":23}},"235":{"start":{"line":236,"column":0},"end":{"line":236,"column":9}},"236":{"start":{"line":237,"column":0},"end":{"line":237,"column":9}},"238":{"start":{"line":239,"column":0},"end":{"line":239,"column":51}},"239":{"start":{"line":240,"column":0},"end":{"line":240,"column":21}},"240":{"start":{"line":241,"column":0},"end":{"line":241,"column":61}},"241":{"start":{"line":242,"column":0},"end":{"line":242,"column":18}},"242":{"start":{"line":243,"column":0},"end":{"line":243,"column":5}},"243":{"start":{"line":244,"column":0},"end":{"line":244,"column":3}},"248":{"start":{"line":249,"column":0},"end":{"line":249,"column":33}},"249":{"start":{"line":250,"column":0},"end":{"line":250,"column":47}},"250":{"start":{"line":251,"column":0},"end":{"line":251,"column":42}},"251":{"start":{"line":252,"column":0},"end":{"line":252,"column":5}},"253":{"start":{"line":254,"column":0},"end":{"line":254,"column":9}},"254":{"start":{"line":255,"column":0},"end":{"line":255,"column":70}},"256":{"start":{"line":257,"column":0},"end":{"line":257,"column":30}},"257":{"start":{"line":258,"column":0},"end":{"line":258,"column":17}},"258":{"start":{"line":259,"column":0},"end":{"line":259,"column":41}},"259":{"start":{"line":260,"column":0},"end":{"line":260,"column":24}},"260":{"start":{"line":261,"column":0},"end":{"line":261,"column":9}},"261":{"start":{"line":262,"column":0},"end":{"line":262,"column":9}},"263":{"start":{"line":264,"column":0},"end":{"line":264,"column":53}},"264":{"start":{"line":265,"column":0},"end":{"line":265,"column":21}},"265":{"start":{"line":266,"column":0},"end":{"line":266,"column":63}},"266":{"start":{"line":267,"column":0},"end":{"line":267,"column":18}},"267":{"start":{"line":268,"column":0},"end":{"line":268,"column":5}},"268":{"start":{"line":269,"column":0},"end":{"line":269,"column":3}},"273":{"start":{"line":274,"column":0},"end":{"line":274,"column":37}},"274":{"start":{"line":275,"column":0},"end":{"line":275,"column":63}},"276":{"start":{"line":277,"column":0},"end":{"line":277,"column":25}},"277":{"start":{"line":278,"column":0},"end":{"line":278,"column":26}},"278":{"start":{"line":279,"column":0},"end":{"line":279,"column":12}},"279":{"start":{"line":280,"column":0},"end":{"line":280,"column":24}},"280":{"start":{"line":281,"column":0},"end":{"line":281,"column":5}},"281":{"start":{"line":282,"column":0},"end":{"line":282,"column":3}},"286":{"start":{"line":287,"column":0},"end":{"line":287,"column":26}},"287":{"start":{"line":288,"column":0},"end":{"line":288,"column":29}},"288":{"start":{"line":289,"column":0},"end":{"line":289,"column":71}},"289":{"start":{"line":290,"column":0},"end":{"line":290,"column":13}},"290":{"start":{"line":291,"column":0},"end":{"line":291,"column":5}},"292":{"start":{"line":293,"column":0},"end":{"line":293,"column":25}},"294":{"start":{"line":295,"column":0},"end":{"line":295,"column":55}},"295":{"start":{"line":296,"column":0},"end":{"line":296,"column":27}},"296":{"start":{"line":297,"column":0},"end":{"line":297,"column":55}},"298":{"start":{"line":299,"column":0},"end":{"line":299,"column":84}},"299":{"start":{"line":300,"column":0},"end":{"line":300,"column":3}},"304":{"start":{"line":305,"column":0},"end":{"line":305,"column":25}},"305":{"start":{"line":306,"column":0},"end":{"line":306,"column":33}},"306":{"start":{"line":307,"column":0},"end":{"line":307,"column":44}},"307":{"start":{"line":308,"column":0},"end":{"line":308,"column":36}},"308":{"start":{"line":309,"column":0},"end":{"line":309,"column":56}},"309":{"start":{"line":310,"column":0},"end":{"line":310,"column":5}},"310":{"start":{"line":311,"column":0},"end":{"line":311,"column":3}},"319":{"start":{"line":320,"column":0},"end":{"line":320,"column":33}},"320":{"start":{"line":321,"column":0},"end":{"line":321,"column":28}},"321":{"start":{"line":322,"column":0},"end":{"line":322,"column":15}},"322":{"start":{"line":323,"column":0},"end":{"line":323,"column":39}},"323":{"start":{"line":324,"column":0},"end":{"line":324,"column":29}},"324":{"start":{"line":325,"column":0},"end":{"line":325,"column":7}},"325":{"start":{"line":326,"column":0},"end":{"line":326,"column":7}},"327":{"start":{"line":328,"column":0},"end":{"line":328,"column":61}},"328":{"start":{"line":329,"column":0},"end":{"line":329,"column":3}},"339":{"start":{"line":340,"column":0},"end":{"line":340,"column":48}},"340":{"start":{"line":341,"column":0},"end":{"line":341,"column":29}},"341":{"start":{"line":342,"column":0},"end":{"line":342,"column":13}},"342":{"start":{"line":343,"column":0},"end":{"line":343,"column":5}},"345":{"start":{"line":346,"column":0},"end":{"line":346,"column":9}},"346":{"start":{"line":347,"column":0},"end":{"line":347,"column":54}},"347":{"start":{"line":348,"column":0},"end":{"line":348,"column":52}},"348":{"start":{"line":349,"column":0},"end":{"line":349,"column":64}},"351":{"start":{"line":352,"column":0},"end":{"line":352,"column":53}},"352":{"start":{"line":353,"column":0},"end":{"line":353,"column":32}},"353":{"start":{"line":354,"column":0},"end":{"line":354,"column":13}},"355":{"start":{"line":356,"column":0},"end":{"line":356,"column":64}},"356":{"start":{"line":357,"column":0},"end":{"line":357,"column":114}},"358":{"start":{"line":359,"column":0},"end":{"line":359,"column":68}},"359":{"start":{"line":360,"column":0},"end":{"line":360,"column":36}},"360":{"start":{"line":361,"column":0},"end":{"line":361,"column":70}},"361":{"start":{"line":362,"column":0},"end":{"line":362,"column":40}},"362":{"start":{"line":363,"column":0},"end":{"line":363,"column":14}},"364":{"start":{"line":365,"column":0},"end":{"line":365,"column":67}},"365":{"start":{"line":366,"column":0},"end":{"line":366,"column":61}},"366":{"start":{"line":367,"column":0},"end":{"line":367,"column":13}},"368":{"start":{"line":369,"column":0},"end":{"line":369,"column":42}},"369":{"start":{"line":370,"column":0},"end":{"line":370,"column":25}},"370":{"start":{"line":371,"column":0},"end":{"line":371,"column":114}},"371":{"start":{"line":372,"column":0},"end":{"line":372,"column":9}},"372":{"start":{"line":373,"column":0},"end":{"line":373,"column":7}},"374":{"start":{"line":375,"column":0},"end":{"line":375,"column":40}},"375":{"start":{"line":376,"column":0},"end":{"line":376,"column":45}},"376":{"start":{"line":377,"column":0},"end":{"line":377,"column":20}},"377":{"start":{"line":378,"column":0},"end":{"line":378,"column":44}},"378":{"start":{"line":379,"column":0},"end":{"line":379,"column":18}},"379":{"start":{"line":380,"column":0},"end":{"line":380,"column":30}},"380":{"start":{"line":381,"column":0},"end":{"line":381,"column":30}},"381":{"start":{"line":382,"column":0},"end":{"line":382,"column":8}},"384":{"start":{"line":385,"column":0},"end":{"line":385,"column":30}},"385":{"start":{"line":386,"column":0},"end":{"line":386,"column":17}},"386":{"start":{"line":387,"column":0},"end":{"line":387,"column":25}},"387":{"start":{"line":388,"column":0},"end":{"line":388,"column":22}},"388":{"start":{"line":389,"column":0},"end":{"line":389,"column":34}},"389":{"start":{"line":390,"column":0},"end":{"line":390,"column":9}},"390":{"start":{"line":391,"column":0},"end":{"line":391,"column":9}},"393":{"start":{"line":394,"column":0},"end":{"line":394,"column":29}},"394":{"start":{"line":395,"column":0},"end":{"line":395,"column":26}},"395":{"start":{"line":396,"column":0},"end":{"line":396,"column":36}},"396":{"start":{"line":397,"column":0},"end":{"line":397,"column":30}},"397":{"start":{"line":398,"column":0},"end":{"line":398,"column":23}},"398":{"start":{"line":399,"column":0},"end":{"line":399,"column":9}},"402":{"start":{"line":403,"column":0},"end":{"line":403,"column":21}},"403":{"start":{"line":404,"column":0},"end":{"line":404,"column":71}},"404":{"start":{"line":405,"column":0},"end":{"line":405,"column":5}},"405":{"start":{"line":406,"column":0},"end":{"line":406,"column":3}},"417":{"start":{"line":418,"column":0},"end":{"line":418,"column":36}},"420":{"start":{"line":421,"column":0},"end":{"line":421,"column":43}},"421":{"start":{"line":422,"column":0},"end":{"line":422,"column":64}},"422":{"start":{"line":423,"column":0},"end":{"line":423,"column":7}},"423":{"start":{"line":424,"column":0},"end":{"line":424,"column":3}},"430":{"start":{"line":431,"column":0},"end":{"line":431,"column":61}},"431":{"start":{"line":432,"column":0},"end":{"line":432,"column":38}},"432":{"start":{"line":433,"column":0},"end":{"line":433,"column":3}},"437":{"start":{"line":438,"column":0},"end":{"line":438,"column":67}},"438":{"start":{"line":439,"column":0},"end":{"line":439,"column":9}},"440":{"start":{"line":441,"column":0},"end":{"line":441,"column":116}},"442":{"start":{"line":443,"column":0},"end":{"line":443,"column":46}},"443":{"start":{"line":444,"column":0},"end":{"line":444,"column":25}},"444":{"start":{"line":445,"column":0},"end":{"line":445,"column":75}},"445":{"start":{"line":446,"column":0},"end":{"line":446,"column":7}},"447":{"start":{"line":448,"column":0},"end":{"line":448,"column":41}},"450":{"start":{"line":451,"column":0},"end":{"line":451,"column":61}},"452":{"start":{"line":453,"column":0},"end":{"line":453,"column":14}},"453":{"start":{"line":454,"column":0},"end":{"line":454,"column":16}},"454":{"start":{"line":455,"column":0},"end":{"line":455,"column":48}},"455":{"start":{"line":456,"column":0},"end":{"line":456,"column":93}},"456":{"start":{"line":457,"column":0},"end":{"line":457,"column":41}},"457":{"start":{"line":458,"column":0},"end":{"line":458,"column":37}},"458":{"start":{"line":459,"column":0},"end":{"line":459,"column":34}},"459":{"start":{"line":460,"column":0},"end":{"line":460,"column":8}},"460":{"start":{"line":461,"column":0},"end":{"line":461,"column":21}},"461":{"start":{"line":462,"column":0},"end":{"line":462,"column":92}},"464":{"start":{"line":465,"column":0},"end":{"line":465,"column":45}},"465":{"start":{"line":466,"column":0},"end":{"line":466,"column":35}},"466":{"start":{"line":467,"column":0},"end":{"line":467,"column":44}},"467":{"start":{"line":468,"column":0},"end":{"line":468,"column":57}},"468":{"start":{"line":469,"column":0},"end":{"line":469,"column":51}},"469":{"start":{"line":470,"column":0},"end":{"line":470,"column":55}},"470":{"start":{"line":471,"column":0},"end":{"line":471,"column":9}},"471":{"start":{"line":472,"column":0},"end":{"line":472,"column":7}},"474":{"start":{"line":475,"column":0},"end":{"line":475,"column":14}},"475":{"start":{"line":476,"column":0},"end":{"line":476,"column":16}},"476":{"start":{"line":477,"column":0},"end":{"line":477,"column":29}},"477":{"start":{"line":478,"column":0},"end":{"line":478,"column":19}},"478":{"start":{"line":479,"column":0},"end":{"line":479,"column":8}},"479":{"start":{"line":480,"column":0},"end":{"line":480,"column":5}},"480":{"start":{"line":481,"column":0},"end":{"line":481,"column":3}},"485":{"start":{"line":486,"column":0},"end":{"line":486,"column":61}},"488":{"start":{"line":489,"column":0},"end":{"line":489,"column":60}},"489":{"start":{"line":490,"column":0},"end":{"line":490,"column":3}},"494":{"start":{"line":495,"column":0},"end":{"line":495,"column":57}},"496":{"start":{"line":497,"column":0},"end":{"line":497,"column":56}},"497":{"start":{"line":498,"column":0},"end":{"line":498,"column":91}},"498":{"start":{"line":499,"column":0},"end":{"line":499,"column":5}},"499":{"start":{"line":500,"column":0},"end":{"line":500,"column":3}},"504":{"start":{"line":505,"column":0},"end":{"line":505,"column":100}},"505":{"start":{"line":506,"column":0},"end":{"line":506,"column":29}},"506":{"start":{"line":507,"column":0},"end":{"line":507,"column":69}},"507":{"start":{"line":508,"column":0},"end":{"line":508,"column":13}},"508":{"start":{"line":509,"column":0},"end":{"line":509,"column":5}},"510":{"start":{"line":511,"column":0},"end":{"line":511,"column":92}},"512":{"start":{"line":513,"column":0},"end":{"line":513,"column":9}},"513":{"start":{"line":514,"column":0},"end":{"line":514,"column":41}},"514":{"start":{"line":515,"column":0},"end":{"line":515,"column":21}},"515":{"start":{"line":516,"column":0},"end":{"line":516,"column":78}},"516":{"start":{"line":517,"column":0},"end":{"line":517,"column":5}},"517":{"start":{"line":518,"column":0},"end":{"line":518,"column":3}},"522":{"start":{"line":523,"column":0},"end":{"line":523,"column":107}},"523":{"start":{"line":524,"column":0},"end":{"line":524,"column":28}},"525":{"start":{"line":526,"column":0},"end":{"line":526,"column":13}},"526":{"start":{"line":527,"column":0},"end":{"line":527,"column":5}},"528":{"start":{"line":529,"column":0},"end":{"line":529,"column":59}},"529":{"start":{"line":530,"column":0},"end":{"line":530,"column":76}},"530":{"start":{"line":531,"column":0},"end":{"line":531,"column":7}},"531":{"start":{"line":532,"column":0},"end":{"line":532,"column":3}},"536":{"start":{"line":537,"column":0},"end":{"line":537,"column":76}},"537":{"start":{"line":538,"column":0},"end":{"line":538,"column":28}},"538":{"start":{"line":539,"column":0},"end":{"line":539,"column":55}},"539":{"start":{"line":540,"column":0},"end":{"line":540,"column":5}},"542":{"start":{"line":543,"column":0},"end":{"line":543,"column":66}},"545":{"start":{"line":546,"column":0},"end":{"line":546,"column":54}},"546":{"start":{"line":547,"column":0},"end":{"line":547,"column":94}},"548":{"start":{"line":549,"column":0},"end":{"line":549,"column":49}},"549":{"start":{"line":550,"column":0},"end":{"line":550,"column":34}},"550":{"start":{"line":551,"column":0},"end":{"line":551,"column":57}},"551":{"start":{"line":552,"column":0},"end":{"line":552,"column":9}},"552":{"start":{"line":553,"column":0},"end":{"line":553,"column":13}},"553":{"start":{"line":554,"column":0},"end":{"line":554,"column":5}},"556":{"start":{"line":557,"column":0},"end":{"line":557,"column":72}},"557":{"start":{"line":558,"column":0},"end":{"line":558,"column":9}},"558":{"start":{"line":559,"column":0},"end":{"line":559,"column":60}},"559":{"start":{"line":560,"column":0},"end":{"line":560,"column":107}},"561":{"start":{"line":562,"column":0},"end":{"line":562,"column":64}},"562":{"start":{"line":563,"column":0},"end":{"line":563,"column":32}},"563":{"start":{"line":564,"column":0},"end":{"line":564,"column":66}},"564":{"start":{"line":565,"column":0},"end":{"line":565,"column":36}},"565":{"start":{"line":566,"column":0},"end":{"line":566,"column":10}},"567":{"start":{"line":568,"column":0},"end":{"line":568,"column":63}},"568":{"start":{"line":569,"column":0},"end":{"line":569,"column":57}},"569":{"start":{"line":570,"column":0},"end":{"line":570,"column":9}},"571":{"start":{"line":572,"column":0},"end":{"line":572,"column":43}},"572":{"start":{"line":573,"column":0},"end":{"line":573,"column":21}},"573":{"start":{"line":574,"column":0},"end":{"line":574,"column":93}},"574":{"start":{"line":575,"column":0},"end":{"line":575,"column":5}},"577":{"start":{"line":578,"column":0},"end":{"line":578,"column":70}},"578":{"start":{"line":579,"column":0},"end":{"line":579,"column":73}},"580":{"start":{"line":581,"column":0},"end":{"line":581,"column":37}},"581":{"start":{"line":582,"column":0},"end":{"line":582,"column":60}},"582":{"start":{"line":583,"column":0},"end":{"line":583,"column":33}},"583":{"start":{"line":584,"column":0},"end":{"line":584,"column":39}},"584":{"start":{"line":585,"column":0},"end":{"line":585,"column":25}},"585":{"start":{"line":586,"column":0},"end":{"line":586,"column":33}},"586":{"start":{"line":587,"column":0},"end":{"line":587,"column":9}},"588":{"start":{"line":589,"column":0},"end":{"line":589,"column":49}},"589":{"start":{"line":590,"column":0},"end":{"line":590,"column":27}},"590":{"start":{"line":591,"column":0},"end":{"line":591,"column":44}},"591":{"start":{"line":592,"column":0},"end":{"line":592,"column":9}},"592":{"start":{"line":593,"column":0},"end":{"line":593,"column":5}},"595":{"start":{"line":596,"column":0},"end":{"line":596,"column":81}},"596":{"start":{"line":597,"column":0},"end":{"line":597,"column":47}},"597":{"start":{"line":598,"column":0},"end":{"line":598,"column":112}},"598":{"start":{"line":599,"column":0},"end":{"line":599,"column":32}},"599":{"start":{"line":600,"column":0},"end":{"line":600,"column":75}},"600":{"start":{"line":601,"column":0},"end":{"line":601,"column":14}},"601":{"start":{"line":602,"column":0},"end":{"line":602,"column":76}},"602":{"start":{"line":603,"column":0},"end":{"line":603,"column":7}},"603":{"start":{"line":604,"column":0},"end":{"line":604,"column":5}},"606":{"start":{"line":607,"column":0},"end":{"line":607,"column":28}},"607":{"start":{"line":608,"column":0},"end":{"line":608,"column":15}},"608":{"start":{"line":609,"column":0},"end":{"line":609,"column":39}},"609":{"start":{"line":610,"column":0},"end":{"line":610,"column":43}},"610":{"start":{"line":611,"column":0},"end":{"line":611,"column":37}},"611":{"start":{"line":612,"column":0},"end":{"line":612,"column":65}},"612":{"start":{"line":613,"column":0},"end":{"line":613,"column":7}},"613":{"start":{"line":614,"column":0},"end":{"line":614,"column":7}},"614":{"start":{"line":615,"column":0},"end":{"line":615,"column":3}},"619":{"start":{"line":620,"column":0},"end":{"line":620,"column":75}},"620":{"start":{"line":621,"column":0},"end":{"line":621,"column":28}},"622":{"start":{"line":623,"column":0},"end":{"line":623,"column":13}},"623":{"start":{"line":624,"column":0},"end":{"line":624,"column":5}},"625":{"start":{"line":626,"column":0},"end":{"line":626,"column":47}},"626":{"start":{"line":627,"column":0},"end":{"line":627,"column":74}},"627":{"start":{"line":628,"column":0},"end":{"line":628,"column":13}},"628":{"start":{"line":629,"column":0},"end":{"line":629,"column":5}},"630":{"start":{"line":631,"column":0},"end":{"line":631,"column":9}},"632":{"start":{"line":633,"column":0},"end":{"line":633,"column":73}},"634":{"start":{"line":635,"column":0},"end":{"line":635,"column":30}},"635":{"start":{"line":636,"column":0},"end":{"line":636,"column":17}},"636":{"start":{"line":637,"column":0},"end":{"line":637,"column":41}},"637":{"start":{"line":638,"column":0},"end":{"line":638,"column":34}},"638":{"start":{"line":639,"column":0},"end":{"line":639,"column":9}},"639":{"start":{"line":640,"column":0},"end":{"line":640,"column":9}},"640":{"start":{"line":641,"column":0},"end":{"line":641,"column":21}},"641":{"start":{"line":642,"column":0},"end":{"line":642,"column":74}},"642":{"start":{"line":643,"column":0},"end":{"line":643,"column":5}},"643":{"start":{"line":644,"column":0},"end":{"line":644,"column":3}},"648":{"start":{"line":649,"column":0},"end":{"line":649,"column":76}},"649":{"start":{"line":650,"column":0},"end":{"line":650,"column":28}},"651":{"start":{"line":652,"column":0},"end":{"line":652,"column":13}},"652":{"start":{"line":653,"column":0},"end":{"line":653,"column":5}},"654":{"start":{"line":655,"column":0},"end":{"line":655,"column":47}},"655":{"start":{"line":656,"column":0},"end":{"line":656,"column":75}},"656":{"start":{"line":657,"column":0},"end":{"line":657,"column":13}},"657":{"start":{"line":658,"column":0},"end":{"line":658,"column":5}},"659":{"start":{"line":660,"column":0},"end":{"line":660,"column":9}},"661":{"start":{"line":662,"column":0},"end":{"line":662,"column":74}},"663":{"start":{"line":664,"column":0},"end":{"line":664,"column":30}},"664":{"start":{"line":665,"column":0},"end":{"line":665,"column":17}},"665":{"start":{"line":666,"column":0},"end":{"line":666,"column":41}},"666":{"start":{"line":667,"column":0},"end":{"line":667,"column":33}},"667":{"start":{"line":668,"column":0},"end":{"line":668,"column":9}},"668":{"start":{"line":669,"column":0},"end":{"line":669,"column":9}},"669":{"start":{"line":670,"column":0},"end":{"line":670,"column":21}},"670":{"start":{"line":671,"column":0},"end":{"line":671,"column":75}},"671":{"start":{"line":672,"column":0},"end":{"line":672,"column":5}},"672":{"start":{"line":673,"column":0},"end":{"line":673,"column":3}},"677":{"start":{"line":678,"column":0},"end":{"line":678,"column":89}},"678":{"start":{"line":679,"column":0},"end":{"line":679,"column":28}},"680":{"start":{"line":681,"column":0},"end":{"line":681,"column":13}},"681":{"start":{"line":682,"column":0},"end":{"line":682,"column":5}},"683":{"start":{"line":684,"column":0},"end":{"line":684,"column":47}},"684":{"start":{"line":685,"column":0},"end":{"line":685,"column":74}},"685":{"start":{"line":686,"column":0},"end":{"line":686,"column":13}},"686":{"start":{"line":687,"column":0},"end":{"line":687,"column":5}},"688":{"start":{"line":689,"column":0},"end":{"line":689,"column":9}},"690":{"start":{"line":691,"column":0},"end":{"line":691,"column":95}},"692":{"start":{"line":693,"column":0},"end":{"line":693,"column":30}},"693":{"start":{"line":694,"column":0},"end":{"line":694,"column":17}},"694":{"start":{"line":695,"column":0},"end":{"line":695,"column":41}},"695":{"start":{"line":696,"column":0},"end":{"line":696,"column":32}},"696":{"start":{"line":697,"column":0},"end":{"line":697,"column":9}},"697":{"start":{"line":698,"column":0},"end":{"line":698,"column":9}},"698":{"start":{"line":699,"column":0},"end":{"line":699,"column":21}},"699":{"start":{"line":700,"column":0},"end":{"line":700,"column":74}},"700":{"start":{"line":701,"column":0},"end":{"line":701,"column":5}},"701":{"start":{"line":702,"column":0},"end":{"line":702,"column":3}},"706":{"start":{"line":707,"column":0},"end":{"line":707,"column":127}},"707":{"start":{"line":708,"column":0},"end":{"line":708,"column":28}},"709":{"start":{"line":710,"column":0},"end":{"line":710,"column":13}},"710":{"start":{"line":711,"column":0},"end":{"line":711,"column":5}},"712":{"start":{"line":713,"column":0},"end":{"line":713,"column":47}},"713":{"start":{"line":714,"column":0},"end":{"line":714,"column":74}},"714":{"start":{"line":715,"column":0},"end":{"line":715,"column":13}},"715":{"start":{"line":716,"column":0},"end":{"line":716,"column":5}},"717":{"start":{"line":718,"column":0},"end":{"line":718,"column":9}},"719":{"start":{"line":720,"column":0},"end":{"line":720,"column":30}},"720":{"start":{"line":721,"column":0},"end":{"line":721,"column":17}},"721":{"start":{"line":722,"column":0},"end":{"line":722,"column":41}},"722":{"start":{"line":723,"column":0},"end":{"line":723,"column":39}},"723":{"start":{"line":724,"column":0},"end":{"line":724,"column":34}},"724":{"start":{"line":725,"column":0},"end":{"line":725,"column":9}},"725":{"start":{"line":726,"column":0},"end":{"line":726,"column":9}},"728":{"start":{"line":729,"column":0},"end":{"line":729,"column":49}},"729":{"start":{"line":730,"column":0},"end":{"line":730,"column":34}},"730":{"start":{"line":731,"column":0},"end":{"line":731,"column":50}},"731":{"start":{"line":732,"column":0},"end":{"line":732,"column":9}},"732":{"start":{"line":733,"column":0},"end":{"line":733,"column":21}},"733":{"start":{"line":734,"column":0},"end":{"line":734,"column":74}},"734":{"start":{"line":735,"column":0},"end":{"line":735,"column":5}},"735":{"start":{"line":736,"column":0},"end":{"line":736,"column":3}},"740":{"start":{"line":741,"column":0},"end":{"line":741,"column":85}},"741":{"start":{"line":742,"column":0},"end":{"line":742,"column":40}},"743":{"start":{"line":744,"column":0},"end":{"line":744,"column":70}},"745":{"start":{"line":746,"column":0},"end":{"line":746,"column":95}},"746":{"start":{"line":747,"column":0},"end":{"line":747,"column":28}},"747":{"start":{"line":748,"column":0},"end":{"line":748,"column":77}},"749":{"start":{"line":750,"column":0},"end":{"line":750,"column":76}},"750":{"start":{"line":751,"column":0},"end":{"line":751,"column":27}},"751":{"start":{"line":752,"column":0},"end":{"line":752,"column":5}},"752":{"start":{"line":753,"column":0},"end":{"line":753,"column":3}},"757":{"start":{"line":758,"column":0},"end":{"line":758,"column":19}},"758":{"start":{"line":759,"column":0},"end":{"line":759,"column":25}},"759":{"start":{"line":760,"column":0},"end":{"line":760,"column":72}},"760":{"start":{"line":761,"column":0},"end":{"line":761,"column":73}},"761":{"start":{"line":762,"column":0},"end":{"line":762,"column":74}},"762":{"start":{"line":763,"column":0},"end":{"line":763,"column":70}},"763":{"start":{"line":764,"column":0},"end":{"line":764,"column":72}},"764":{"start":{"line":765,"column":0},"end":{"line":765,"column":70}},"765":{"start":{"line":766,"column":0},"end":{"line":766,"column":70}},"766":{"start":{"line":767,"column":0},"end":{"line":767,"column":60}},"767":{"start":{"line":768,"column":0},"end":{"line":768,"column":3}},"768":{"start":{"line":769,"column":0},"end":{"line":769,"column":1}}},"s":{"0":0,"16":0,"17":0,"18":0,"20":0,"21":0,"24":0,"27":0,"30":0,"33":0,"34":0,"35":0,"36":0,"37":0,"46":0,"47":0,"48":0,"49":0,"52":0,"53":0,"54":0,"56":0,"58":0,"59":0,"60":0,"61":0,"62":0,"63":0,"64":0,"65":0,"66":0,"67":0,"68":0,"70":0,"71":0,"72":0,"73":0,"75":0,"77":0,"79":0,"80":0,"81":0,"82":0,"83":0,"84":0,"87":0,"90":0,"91":0,"92":0,"93":0,"94":0,"96":0,"97":0,"98":0,"99":0,"100":0,"105":0,"106":0,"107":0,"108":0,"110":0,"112":0,"114":0,"116":0,"117":0,"118":0,"119":0,"120":0,"121":0,"124":0,"127":0,"128":0,"129":0,"130":0,"131":0,"133":0,"134":0,"135":0,"136":0,"137":0,"142":0,"143":0,"144":0,"145":0,"147":0,"149":0,"151":0,"153":0,"154":0,"155":0,"156":0,"157":0,"158":0,"161":0,"162":0,"163":0,"164":0,"165":0,"166":0,"168":0,"169":0,"170":0,"171":0,"172":0,"178":0,"179":0,"180":0,"181":0,"183":0,"185":0,"187":0,"189":0,"190":0,"191":0,"192":0,"193":0,"194":0,"195":0,"198":0,"199":0,"200":0,"201":0,"202":0,"205":0,"206":0,"207":0,"208":0,"209":0,"210":0,"212":0,"214":0,"215":0,"216":0,"217":0,"218":0,"223":0,"224":0,"225":0,"226":0,"228":0,"229":0,"231":0,"232":0,"233":0,"234":0,"235":0,"236":0,"238":0,"239":0,"240":0,"241":0,"242":0,"243":0,"248":0,"249":0,"250":0,"251":0,"253":0,"254":0,"256":0,"257":0,"258":0,"259":0,"260":0,"261":0,"263":0,"264":0,"265":0,"266":0,"267":0,"268":0,"273":0,"274":0,"276":0,"277":0,"278":0,"279":0,"280":0,"281":0,"286":0,"287":0,"288":0,"289":0,"290":0,"292":0,"294":0,"295":0,"296":0,"298":0,"299":0,"304":0,"305":0,"306":0,"307":0,"308":0,"309":0,"310":0,"319":0,"320":0,"321":0,"322":0,"323":0,"324":0,"325":0,"327":0,"328":0,"339":0,"340":0,"341":0,"342":0,"345":0,"346":0,"347":0,"348":0,"351":0,"352":0,"353":0,"355":0,"356":0,"358":0,"359":0,"360":0,"361":0,"362":0,"364":0,"365":0,"366":0,"368":0,"369":0,"370":0,"371":0,"372":0,"374":0,"375":0,"376":0,"377":0,"378":0,"379":0,"380":0,"381":0,"384":0,"385":0,"386":0,"387":0,"388":0,"389":0,"390":0,"393":0,"394":0,"395":0,"396":0,"397":0,"398":0,"402":0,"403":0,"404":0,"405":0,"417":0,"420":0,"421":0,"422":0,"423":0,"430":0,"431":0,"432":0,"437":0,"438":0,"440":0,"442":0,"443":0,"444":0,"445":0,"447":0,"450":0,"452":0,"453":0,"454":0,"455":0,"456":0,"457":0,"458":0,"459":0,"460":0,"461":0,"464":0,"465":0,"466":0,"467":0,"468":0,"469":0,"470":0,"471":0,"474":0,"475":0,"476":0,"477":0,"478":0,"479":0,"480":0,"485":0,"488":0,"489":0,"494":0,"496":0,"497":0,"498":0,"499":0,"504":0,"505":0,"506":0,"507":0,"508":0,"510":0,"512":0,"513":0,"514":0,"515":0,"516":0,"517":0,"522":0,"523":0,"525":0,"526":0,"528":0,"529":0,"530":0,"531":0,"536":0,"537":0,"538":0,"539":0,"542":0,"545":0,"546":0,"548":0,"549":0,"550":0,"551":0,"552":0,"553":0,"556":0,"557":0,"558":0,"559":0,"561":0,"562":0,"563":0,"564":0,"565":0,"567":0,"568":0,"569":0,"571":0,"572":0,"573":0,"574":0,"577":0,"578":0,"580":0,"581":0,"582":0,"583":0,"584":0,"585":0,"586":0,"588":0,"589":0,"590":0,"591":0,"592":0,"595":0,"596":0,"597":0,"598":0,"599":0,"600":0,"601":0,"602":0,"603":0,"606":0,"607":0,"608":0,"609":0,"610":0,"611":0,"612":0,"613":0,"614":0,"619":0,"620":0,"622":0,"623":0,"625":0,"626":0,"627":0,"628":0,"630":0,"632":0,"634":0,"635":0,"636":0,"637":0,"638":0,"639":0,"640":0,"641":0,"642":0,"643":0,"648":0,"649":0,"651":0,"652":0,"654":0,"655":0,"656":0,"657":0,"659":0,"661":0,"663":0,"664":0,"665":0,"666":0,"667":0,"668":0,"669":0,"670":0,"671":0,"672":0,"677":0,"678":0,"680":0,"681":0,"683":0,"684":0,"685":0,"686":0,"688":0,"690":0,"692":0,"693":0,"694":0,"695":0,"696":0,"697":0,"698":0,"699":0,"700":0,"701":0,"706":0,"707":0,"709":0,"710":0,"712":0,"713":0,"714":0,"715":0,"717":0,"719":0,"720":0,"721":0,"722":0,"723":0,"724":0,"725":0,"728":0,"729":0,"730":0,"731":0,"732":0,"733":0,"734":0,"735":0,"740":0,"741":0,"743":0,"745":0,"746":0,"747":0,"749":0,"750":0,"751":0,"752":0,"757":0,"758":0,"759":0,"760":0,"761":0,"762":0,"763":0,"764":0,"765":0,"766":0,"767":0,"768":0},"branchMap":{"0":{"type":"branch","line":1,"loc":{"start":{"line":1,"column":23775},"end":{"line":769,"column":1}},"locations":[{"start":{"line":1,"column":23775},"end":{"line":769,"column":1}}]}},"b":{"0":[0]},"fnMap":{"0":{"name":"(empty-report)","decl":{"start":{"line":1,"column":23775},"end":{"line":769,"column":1}},"loc":{"start":{"line":1,"column":23775},"end":{"line":769,"column":1}},"line":1}},"f":{"0":0}}
,"D:\\repos\\BardicInspiration\\src\\services\\QueueManager.ts": {"path":"D:\\repos\\BardicInspiration\\src\\services\\QueueManager.ts","all":true,"statementMap":{"0":{"start":{"line":1,"column":0},"end":{"line":1,"column":3}},"16":{"start":{"line":17,"column":0},"end":{"line":17,"column":27}},"17":{"start":{"line":18,"column":0},"end":{"line":18,"column":30}},"19":{"start":{"line":20,"column":0},"end":{"line":20,"column":36}},"20":{"start":{"line":21,"column":0},"end":{"line":21,"column":23}},"23":{"start":{"line":24,"column":0},"end":{"line":24,"column":71}},"24":{"start":{"line":25,"column":0},"end":{"line":25,"column":67}},"27":{"start":{"line":28,"column":0},"end":{"line":28,"column":65}},"28":{"start":{"line":29,"column":0},"end":{"line":29,"column":63}},"29":{"start":{"line":30,"column":0},"end":{"line":30,"column":69}},"30":{"start":{"line":31,"column":0},"end":{"line":31,"column":69}},"31":{"start":{"line":32,"column":0},"end":{"line":32,"column":3}},"36":{"start":{"line":37,"column":0},"end":{"line":37,"column":81}},"37":{"start":{"line":38,"column":0},"end":{"line":38,"column":29}},"38":{"start":{"line":39,"column":0},"end":{"line":39,"column":57}},"39":{"start":{"line":40,"column":0},"end":{"line":40,"column":5}},"41":{"start":{"line":42,"column":0},"end":{"line":42,"column":33}},"42":{"start":{"line":43,"column":0},"end":{"line":43,"column":37}},"44":{"start":{"line":45,"column":0},"end":{"line":45,"column":31}},"45":{"start":{"line":46,"column":0},"end":{"line":46,"column":51}},"46":{"start":{"line":47,"column":0},"end":{"line":47,"column":5}},"48":{"start":{"line":49,"column":0},"end":{"line":49,"column":78}},"51":{"start":{"line":52,"column":0},"end":{"line":52,"column":34}},"52":{"start":{"line":53,"column":0},"end":{"line":53,"column":47}},"53":{"start":{"line":54,"column":0},"end":{"line":54,"column":33}},"54":{"start":{"line":55,"column":0},"end":{"line":55,"column":29}},"55":{"start":{"line":56,"column":0},"end":{"line":56,"column":24}},"56":{"start":{"line":57,"column":0},"end":{"line":57,"column":25}},"57":{"start":{"line":58,"column":0},"end":{"line":58,"column":6}},"59":{"start":{"line":60,"column":0},"end":{"line":60,"column":52}},"60":{"start":{"line":61,"column":0},"end":{"line":61,"column":43}},"61":{"start":{"line":62,"column":0},"end":{"line":62,"column":45}},"63":{"start":{"line":64,"column":0},"end":{"line":64,"column":18}},"65":{"start":{"line":66,"column":0},"end":{"line":66,"column":59}},"66":{"start":{"line":67,"column":0},"end":{"line":67,"column":49}},"69":{"start":{"line":70,"column":0},"end":{"line":70,"column":25}},"70":{"start":{"line":71,"column":0},"end":{"line":71,"column":21}},"71":{"start":{"line":72,"column":0},"end":{"line":72,"column":7}},"72":{"start":{"line":73,"column":0},"end":{"line":73,"column":12}},"74":{"start":{"line":75,"column":0},"end":{"line":75,"column":31}},"77":{"start":{"line":78,"column":0},"end":{"line":78,"column":44}},"78":{"start":{"line":79,"column":0},"end":{"line":79,"column":21}},"79":{"start":{"line":80,"column":0},"end":{"line":80,"column":7}},"80":{"start":{"line":81,"column":0},"end":{"line":81,"column":5}},"83":{"start":{"line":84,"column":0},"end":{"line":84,"column":28}},"84":{"start":{"line":85,"column":0},"end":{"line":85,"column":14}},"85":{"start":{"line":86,"column":0},"end":{"line":86,"column":24}},"86":{"start":{"line":87,"column":0},"end":{"line":87,"column":24}},"87":{"start":{"line":88,"column":0},"end":{"line":88,"column":30}},"88":{"start":{"line":89,"column":0},"end":{"line":89,"column":7}},"89":{"start":{"line":90,"column":0},"end":{"line":90,"column":7}},"92":{"start":{"line":93,"column":0},"end":{"line":93,"column":27}},"93":{"start":{"line":94,"column":0},"end":{"line":94,"column":24}},"94":{"start":{"line":95,"column":0},"end":{"line":95,"column":21}},"95":{"start":{"line":96,"column":0},"end":{"line":96,"column":28}},"96":{"start":{"line":97,"column":0},"end":{"line":97,"column":64}},"97":{"start":{"line":98,"column":0},"end":{"line":98,"column":7}},"100":{"start":{"line":101,"column":0},"end":{"line":101,"column":35}},"101":{"start":{"line":102,"column":0},"end":{"line":102,"column":35}},"102":{"start":{"line":103,"column":0},"end":{"line":103,"column":5}},"104":{"start":{"line":105,"column":0},"end":{"line":105,"column":74}},"105":{"start":{"line":106,"column":0},"end":{"line":106,"column":3}},"110":{"start":{"line":111,"column":0},"end":{"line":111,"column":57}},"111":{"start":{"line":112,"column":0},"end":{"line":112,"column":29}},"112":{"start":{"line":113,"column":0},"end":{"line":113,"column":62}},"113":{"start":{"line":114,"column":0},"end":{"line":114,"column":5}},"115":{"start":{"line":116,"column":0},"end":{"line":116,"column":76}},"117":{"start":{"line":118,"column":0},"end":{"line":118,"column":52}},"118":{"start":{"line":119,"column":0},"end":{"line":119,"column":84}},"120":{"start":{"line":121,"column":0},"end":{"line":121,"column":27}},"121":{"start":{"line":122,"column":0},"end":{"line":122,"column":46}},"122":{"start":{"line":123,"column":0},"end":{"line":123,"column":5}},"124":{"start":{"line":125,"column":0},"end":{"line":125,"column":54}},"125":{"start":{"line":126,"column":0},"end":{"line":126,"column":80}},"126":{"start":{"line":127,"column":0},"end":{"line":127,"column":45}},"129":{"start":{"line":130,"column":0},"end":{"line":130,"column":48}},"131":{"start":{"line":132,"column":0},"end":{"line":132,"column":47}},"132":{"start":{"line":133,
[...]
,"D:\\repos\\BardicInspiration\\src\\ui\\components\\SeekBarComponent.ts": {"path":"D:\\repos\\BardicInspiration\\src\\ui\\components\\SeekBarComponent.ts","all":true,"statementMap":{"0":{"start":{"line":1,"column":0},"end":{"line":1,"column":3}},"12":{"start":{"line":13,"column":0},"end":{"line":13,"column":53}},"13":{"start":{"line":14,"column":0},"end":{"line":14,"column":39}},"15":{"start":{"line":16,"column":0},"end":{"line":16,"column":14}},"16":{"start":{"line":17,"column":0},"end":{"line":17,"column":25}},"17":{"start":{"line":18,"column":0},"end":{"line":18,"column":32}},"18":{"start":{"line":19,"column":0},"end":{"line":19,"column":32}},"19":{"start":{"line":20,"column":0},"end":{"line":20,"column":5}},"20":{"start":{"line":21,"column":0},"end":{"line":21,"column":37}},"21":{"start":{"line":22,"column":0},"end":{"line":22,"column":36}},"22":{"start":{"line":23,"column":0},"end":{"line":23,"column":79}},"23":{"start":{"line":24,"column":0},"end":{"line":24,"column":27}},"24":{"start":{"line":25,"column":0},"end":{"line":25,"column":29}},"25":{"start":{"line":26,"column":0},"end":{"line":26,"column":27}},"26":{"start":{"line":27,"column":0},"end":{"line":27,"column":25}},"27":{"start":{"line":28,"column":0},"end":{"line":28,"column":67}},"28":{"start":{"line":29,"column":0},"end":{"line":29,"column":7}},"29":{"start":{"line":30,"column":0},"end":{"line":30,"column":6}},"31":{"start":{"line":32,"column":0},"end":{"line":32,"column":40}},"32":{"start":{"line":33,"column":0},"end":{"line":33,"column":39}},"33":{"start":{"line":34,"column":0},"end":{"line":34,"column":3}},"38":{"start":{"line":39,"column":0},"end":{"line":39,"column":50}},"39":{"start":{"line":40,"column":0},"end":{"line":40,"column":52}},"40":{"start":{"line":41,"column":0},"end":{"line":41,"column":35}},"42":{"start":{"line":43,"column":0},"end":{"line":43,"column":12}},"44":{"start":{"line":45,"column":0},"end":{"line":45,"column":41}},"45":{"start":{"line":46,"column":0},"end":{"line":46,"column":77}},"46":{"start":{"line":47,"column":0},"end":{"line":47,"column":98}},"47":{"start":{"line":48,"column":0},"end":{"line":48,"column":84}},"48":{"start":{"line":49,"column":0},"end":{"line":49,"column":69}},"51":{"start":{"line":52,"column":0},"end":{"line":52,"column":11}},"52":{"start":{"line":53,"column":0},"end":{"line":53,"column":42}},"53":{"start":{"line":54,"column":0},"end":{"line":54,"column":6}},"54":{"start":{"line":55,"column":0},"end":{"line":55,"column":3}},"59":{"start":{"line":60,"column":0},"end":{"line":60,"column":59}},"60":{"start":{"line":61,"column":0},"end":{"line":61,"column":34}},"63":{"start":{"line":64,"column":0},"end":{"line":64,"column":53}},"64":{"start":{"line":65,"column":0},"end":{"line":65,"column":51}},"65":{"start":{"line":66,"column":0},"end":{"line":66,"column":35}},"66":{"start":{"line":67,"column":0},"end":{"line":67,"column":13}},"67":{"start":{"line":68,"column":0},"end":{"line":68,"column":5}},"70":{"start":{"line":71,"column":0},"end":{"line":71,"column":82}},"71":{"start":{"line":72,"column":0},"end":{"line":72,"column":85}},"72":{"start":{"line":73,"column":0},"end":{"line":73,"column":29}},"73":{"start":{"line":74,"column":0},"end":{"line":74,"column":5}},"74":{"start":{"line":75,"column":0},"end":{"line":75,"column":3}},"79":{"start":{"line":80,"column":0},"end":{"line":80,"column":38}},"80":{"start":{"line":81,"column":0},"end":{"line":81,"column":51}},"81":{"start":{"line":82,"column":0},"end":{"line":82,"column":41}},"84":{"start":{"line":85,"column":0},"end":{"line":85,"column":85}},"85":{"start":{"line":86,"column":0},"end":{"line":86,"column":29}},"86":{"start":{"line":87,"column":0},"end":{"line":87,"column":65}},"87":{"start":{"line":88,"column":0},"end":{"line":88,"column":5}},"88":{"start":{"line":89,"column":0},"end":{"line":89,"column":3}},"93":{"start":{"line":94,"column":0},"end":{"line":94,"column":54}},"94":{"start":{"line":95,"column":0},"end":{"line":95,"column":51}},"95":{"start":{"line":96,"column":0},"end":{"line":96,"column":41}},"97":{"start":{"line":98,"column":0},"end":{"line":98,"column":9}},"98":{"start":{"line":99,"column":0},"end":{"line":99,"column":44}},"99":{"start":{"line":100,"column":0},"end":{"line":100,"column":21}},"100":{"start":{"line":101,"column":0},"end":{"line":101,"column":61}},"101":{"start":{"line":102,"column":0},"end":{"line":102,"column":5}},"102":{"start":{"line":103,"column":0},"end":{"line":103,"column":3}},"107":{"start":{"line":108,"column":0},"end":{"line":108,"column":41}},"108":{"start":{"line":109,"column":0},"end":{"line":109,"column":39}},"110":{"start":{"line":111,"column":0},"end":{"line":111,"column":52}},"111":{"start":{"line":112,"column":0},"end":{"line":112,"column":89}},"112":{"start":{"line":113,"column":0},"end":{"line":113,"column":84}},"115":{"start":{"line":116,"column":0},"end":{"line":116,"column":48}},"116":{"start":{"line":117,"column":0},"end":{"line":117,"column":57}},"117":{"start":{"line":118,"column":0},"end":{"line":118,"column":52}},"118":{"start":{"line":119,"column":0},"end":{"line":119,"column":5}},"121":{"start":{"line":122,"column":0},"end":{"line":122,"column":29}},"122":{"start":{"line":123,"column":0},"end":{"line":123,"column":84}},"123":{"start":{"line":124,"column":0},"end":{"line":124,"column":5}},"124":{"start":{"line":125,"column":0},"end":{"line":125,"column":3}},"125":{"start":{"line":126,"column":0},"end":{"line":126,"column":1}}},"s":{"0":0,"12":0,"13":0,"15":0,"16":0,"17":0,"18":0,"19":0,"20":0,"21":0,"22":0,"23":0,"24":0,"25":0,"26":0,"27":0,"28":0,"29":0,"31":0,"32":0,"33":0,"38":0,"39":0,"40":0,"42":0,"44":0,"45":0,"46":0,"47":0,"48":0,"51":0,"52":0,"53":0,"54":0,"59":0,"60":0,"63":0,"64":0,"65":0,"66":0,"67":0,"70":0,"71":0,"72":0,"73":0,"74":0,"79":0,"80":0,"81":0,"84":0,"85":0,"86":0,"87":0,"88":0,"93":0,"94":0,"95":0,"97":0,"98":0,"99":0,"100":0,"101":0,"102":0,"107":0,"108":0,"110":0,"111":0,"112":0,"115":0,"116":0,"117":0,"118":0,"121":0,"122":0,"123":0,"124":0,"125":0},"branchMap":{"0":{"type":"branch","line":1,"loc":{"start":{"line":1,"column":4319},"end":{"line":126,"column":1}},"locations":[{"start":{"line":1,"column":4319},"end":{"line":126,"column":1}}]}},"b":{"0":[0]},"fnMap":{"0":{"name":"(empty-report)","decl":{"start":{"line":1,"column":4319},"end":{"line":126,"column":1}},"loc":{"start":{"line":1,"column":4319},"end":{"line":126,"column":1}},"line":1}},"f":{"0":0}}
,"D:\\repos\\BardicInspiration\\src\\ui\\components\\SessionControlsComponent.ts": {"path":"D:\\repos\\BardicInspiration\\src\\ui\\components\\SessionControlsComponent.ts","all":true,"statementMap":{"0":{"start":{"line":1,"column":0},"end":{"line":1,"column":3}},"18":{"start":{"line":19,"column":0},"end":{"line":19,"column":61}},"19":{"start":{"line":20,"column":0},"end":{"line":20,"column":41}},"21":{"start":{"line":22,"column":0},"end":{"line":22,"column":96}},"22":{"start":{"line":23,"column":0},"end":{"line":23,"column":37}},"23":{"start":{"line":24,"column":0},"end":{"line":24,"column":43}},"24":{"start":{"line":25,"column":0},"end":{"line":25,"column":87}},"25":{"start":{"line":26,"column":0},"end":{"line":26,"column":27}},"26":{"start":{"line":27,"column":0},"end":{"line":27,"column":27}},"27":{"start":{"line":28,"column":0},"end":{"line":28,"column":26}},"28":{"start":{"line":29,"column":0},"end":{"line":29,"column":33}},"29":{"start":{"line":30,"column":0},"end":{"line":30,"column":29}},"30":{"start":{"line":31,"column":0},"end":{"line":31,"column":7}},"31":{"start":{"line":32,"column":0},"end":{"line":32,"column":6}},"33":{"start":{"line":34,"column":0},"end":{"line":34,"column":40}},"34":{"start":{"line":35,"column":0},"end":{"line":35,"column":41}},"35":{"start":{"line":36,"column":0},"end":{"line":36,"column":3}},"40":{"start":{"line":41,"column":0},"end":{"line":41,"column":50}},"41":{"start":{"line":42,"column":0},"end":{"line":42,"column":54}},"42":{"start":{"line":43,"column":0},"end":{"line":43,"column":40}},"43":{"start":{"line":44,"column":0},"end":{"line":44,"column":35}},"44":{"start":{"line":45,"column":0},"end":{"line":45,"column":58}},"46":{"start":{"line":47,"column":0},"end":{"line":47,"column":12}},"48":{"start":{"line":49,"column":0},"end":{"line":49,"column":11}},"49":{"start":{"line":50,"column":0},"end":{"line":50,"column":35}},"50":{"start":{"line":51,"column":0},"end":{"line":51,"column":44}},"51":{"start":{"line":52,"column":0},"end":{"line":52,"column":43}},"54":{"start":{"line":55,"column":0},"end":{"line":55,"column":37}},"55":{"start":{"line":56,"column":0},"end":{"line":56,"column":46}},"56":{"start":{"line":57,"column":0},"end":{"line":57,"column":60}},"57":{"start":{"line":58,"column":0},"end":{"line":58,"column":94}},"58":{"start":{"line":59,"column":0},"end":{"line":59,"column":6}},"59":{"start":{"line":60,"column":0},"end":{"line":60,"column":3}},"64":{"start":{"line":65,"column":0},"end":{"line":65,"column":59}},"65":{"start":{"line":66,"column":0},"end":{"line":66,"column":34}},"68":{"start":{"line":69,"column":0},"end":{"line":69,"column":50}},"69":{"start":{"line":70,"column":0},"end":{"line":70,"column":49}},"70":{"start":{"line":71,"column":0},"end":{"line":71,"column":56}},"71":{"start":{"line":72,"column":0},"end":{"line":72,"column":53}},"73":{"start":{"line":74,"column":0},"end":{"line":74,"column":92}},"74":{"start":{"line":75,"column":0},"end":{"line":75,"column":29}},"75":{"start":{"line":76,"column":0},"end":{"line":76,"column":5}},"76":{"start":{"line":77,"column":0},"end":{"line":77,"column":3}},"81":{"start":{"line":82,"column":0},"end":{"line":82,"column":41}},"82":{"start":{"line":83,"column":0},"end":{"line":83,"column":9}},"83":{"start":{"line":84,"column":0},"end":{"line":84,"column":46}},"84":{"start":{"line":85,"column":0},"end":{"line":85,"column":21}},"85":{"start":{"line":86,"column":0},"end":{"line":86,"column":70}},"86":{"start":{"line":87,"column":0},"end":{"line":87,"column":118}},"87":{"start":{"line":88,"column":0},"end":{"line":88,"column":5}},"88":{"start":{"line":89,"column":0},"end":{"line":89,"column":3}},"93":{"start":{"line":94,"column":0},"end":{"line":94,"column":43}},"94":{"start":{"line":95,"column":0},"end":{"line":95,"column":9}},"95":{"start":{"line":96,"column":0},"end":{"line":96,"column":48}},"96":{"start":{"line":97,"column":0},"end":{"line":97,"column":21}},"97":{"start":{"line":98,"column":0},"end":{"line":98,"column":72}},"98":{"start":{"line":99,"column":0},"end":{"line":99,"column":5}},"99":{"start":{"line":100,"column":0},"end":{"line":100,"column":3}},"104":{"start":{"line":105,"column":0},"end":{"line":105,"column":43}},"105":{"start":{"line":106,"column":0},"end":{"line":106,"column":9}},"106":{"start":{"line":107,"column":0},"end":{"line":107,"column":48}},"107":{"start":{"line":108,"column":0},"end":{"line":108,"column":21}},"108":{"start":{"line":109,"column":0},"end":{"line":109,"column":72}},"109":{"start":{"line":110,"column":0},"end":{"line":110,"column":5}},"110":{"start":{"line":111,"column":0},"end":{"line":111,"column":3}},"115":{"start":{"line":116,"column":0},"end":{"line":116,"column":43}},"116":{"start":{"line":117,"column":0},"end":{"line":117,"column":9}},"118":{"start":{"line":119,"column":0},"end":{"line":119,"column":56}},"119":{"start":{"line":120,"column":0},"end":{"line":120,"column":86}},"121":{"start":{"line":122,"column":0},"end":{"line":122,"column":41}},"122":{"start":{"line":123,"column":0},"end":{"line":123,"column":75}},"123":{"start":{"line":124,"column":0},"end":{"line":124,"column":15}},"124":{"start":{"line":125,"column":0},"end":{"line":125,"column":7}},"127":{"start":{"line":128,"column":0},"end":{"line":128,"column":49}},"128":{"start":{"line":129,"column":0},"end":{"line":129,"column":41}},"129":{"start":{"line":130,"column":0},"end":{"line":130,"column":45}},"130":{"start":{"line":131,"column":0},"end":{"line":131,"column":9}},"133":{"start":{"line":134,"column":0},"end":{"line":134,"column":67}},"134":{"start":{"line":135,"column":0},"end":{"line":135,"column":17}},"135":{"start":{"line":136,"column":0},"end":{"line":136,"column":36}},"136":{"start":{"line":137,"column":0},"end":{"line":137,"column":38}},"137":{"start":{"line":138,"column":0},"end":{"line":138,"column":10}},"138":{"start":{"line":139,"column":0},"end":{"line":139,"column":19}},"139":{"start":{"line":140,"column":0},"end":{"line":140,"column":21}},"140":{"start":{"line":141,"column":0},"end":{"line":141,"column":10}},"141":{"start":{"line":142,"column":0},"end":{"line":142,"column":18}},"148":{"start":{"line":149,"column":0},"end":{"line":149,"column":66}},"149":{"start":{"line":150,"column":0},"end":{"line":150,"column":62}},"150":{"start":{"line":151,"column":0},"end":{"line":151,"column":27}},"160":{"start":{"line":161,"column":0},"end":{"line":161,"column":18}},"161":{"start":{"line":162,"column":0},"end":{"line":162,"column":11}},"162":{"start":{"line":163,"column":0},"end":{"line":163,"column":29}},"163":{"start":{"line":164,"column":0},"end":{"line":164,"column":28}},"164":{"start":{"line":165,"column":0},"end":{"line":165,"column":32}},"165":{"start":{"line":166,"column":0},"end":{"line":166,"column":12}},"166":{"start":{"line":167,"column":0},"end":{"line":167,"column":11}},"167":{"start":{"line":168,"column":0},"end":{"line":168,"column":30}},"168":{"start":{"line":169,"column":0},"end":{"line":169,"column":38}},"169":{"start":{"line":170,"column":0},"end":{"line":170,"column":40}},"170":{"start":{"line":171,"column":0},"end":{"line":171,"column":50}},"171":{"start":{"line":172,"column":0},"end":{"line":172,"column":108}},"172":{"start":{"line":173,"column":0},"end":{"line":173,"column":35}},"173":{"start":{"line":174,"column":0},"end":{"line":174,"column":13}},"174":{"start":{"line":175,"column":0},"end":{"line":175,"column":11}},"175":{"start":{"line":176,"column":0},"end":{"line":176,"column":10}},"176":{"start":{"line":177,"column":0},"end":{"line":177,"column":20}},"177":{"start":{"line":178,"column":0},"end":{"line":178,"column":25}},"178":{"start":{"line":179,"column":0},"end":{"line":179,"column":9}},"180":{"start":{"line":181,"column":0},"end":{"line":181,"column":36}},"183":{"start":{"line":184,"column":0},"end":{"line":184,"column":27}},"184":{"start":{"line":185,"column":0},"end":{"line":185,"column":64}},"185":{"start":{"line":186,"column":0},"end":{"line":186,"column":86}},"186":{"start":{"line":187,"column":0},"end":{"line":187,"column":83}},"187":{"start":{"line":188,"column":0},"end":{"line":188,"column":7}},"189":{"start":{"line":190,"column":0},"end":{"line":190,"column":21}},"190":{"start":{"line":191,"column":0},"end":{"line":191,"column":72}},"191":{"start":{"line":192,"column":0},"end":{"line":192,"column":60}},"192":{"start":{"line":193,"column":0},"end":{"line":193,"column":5}},"193":{"start":{"line":194,"column":0},"end":{"line":194,"column":3}},"198":{"start":{"line":199,"column":0},"end":{"line":199,"column":44}},"199":{"start":{"line":200,"column":0},"end":{"line":200,"column":27}},"200":{"start":{"line":201,"column":0},"end":{"line":201,"column":63}},"201":{"start":{"line":202,"column":0},"end":{"line":202,"column":13}},"202":{"start":{"line":203,"column":0},"end":{"line":203,"column":5}},"204":{"start":{"line":205,"column":0},"end":{"line":205,"column":9}},"205":{"start":{"line":206,"column":0},"end":{"line":206,"column":51}},"206":{"start":{"line":207,"column":0},"end":{"line":207,"column":75}},"207":{"start":{"line":208,"column":0},"end":{"line":208,"column":21}},"208":{"start":{"line":209,"column":0},"end":{"line":209,"column":76}},"209":{"start":{"line":210,"column":0},"end":{"line":210,"column":121}},"210":{"start":{"line":211,"column":0},"end":{"line":211,"column":5}},"211":{"start":{"line":212,"column":0},"end":{"line":212,"column":3}},"216":{"start":{"line":217,"column":0},"end":{"line":217,"column":62}},"217":{"start":{"line":218,"column":0},"end":{"line":218,"column":47}},"218":{"start":{"line":219,"column":0},"end":{"line":219,"column":51}},"220":{"start":{"line":221,"column":0},"end":{"line":221,"column":23}},"221":{"start":{"line":222,"column":0},"end":{"line":222,"column":83}},"222":{"start":{"line":223,"column":0},"end":{"line":223,"column":13}},"223":{"start":{"line":224,"column":0},"end":{"line":224,"column":5}},"225":{"start":{"line":226,"column":0},"end":{"line":226,"column":9}},"226":{"start":{"line":227,"column":0},"end":{"line":227,"column":62}},"227":{"start":{"line":228,"column":0},"end":{"line":228,"column":21}},"228":{"start":{"line":229,"column":0},"end":{"line":229,"column":75}},"229":{"start":{"line":230,"column":0},"end":{"line":230,"column":5}},"230":{"start":{"line":231,"column":0},"end":{"line":231,"column":3}},"235":{"start":{"line":236,"column":0},"end":{"line":236,"column":59}},"236":{"start":{"line":237,"column":0},"end":{"line":237,"column":47}},"237":{"start":{"line":238,"column":0},"end":{"line":238,"column":51}},"239":{"start":{"line":240,"column":0},"end":{"line":240,"column":23}},"240":{"start":{"line":241,"column":0},"end":{"line":241,"column":81}},"241":{"start":{"line":242,"column":0},"end":{"line":242,"column":13}},"242":{"start":{"line":243,"column":0},"end":{"line":243,"column":5}},"244":{"start":{"line":245,"column":0},"end":{"line":245,"column":9}},"245":{"start":{"line":246,"column":0},"end":{"line":246,"column":59}},"246":{"start":{"line":247,"column":0},"end":{"line":247,"column":21}},"247":{"start":{"line":248,"column":0},"end":{"line":248,"column":72}},"248":{"start":{"line":249,"column":0},"end":{"line":249,"column":5}},"249":{"start":{"line":250,"column":0},"end":{"line":250,"column":3}},"250":{"start":{"line":251,"column":0},"end":{"line":251,"column":1}}},"s":{"0":0,"18":0,"19":0,"21":0,"22":0,"23":0,"24":0,"25":0,"26":0,"27":0,"28":0,"29":0,"30":0,"31":0,"33":0,"34":0,"35":0,"40":0,"41":0,"42":0,"43":0,"44":0,"46":0,"48":0,"49":0,"50":0,"51":0,"54":0,"55":0,"56":0,"57":0,"58":0,"59":0,"64":0,"65":0,"68":0,"69":0,"70":0,"71":0,"73":0,"74":0,"75":0,"76":0,"81":0,"82":0,"83":0,"84":0,"85":0,"86":0,"87":0,"88":0,"93":0,"94":0,"95":0,"96":0,"97":0,"98":0,"99":0,"104":0,"105":0,"106":0,"107":0,"108":0,"109":0,"110":0,"115":0,"116":0,"118":0,"119":0,"121":0,"122":0,"123":0,"124":0,"127":0,"128":0,"129":0,"130":0,"133":0,"134":0,"135":0,"136":0,"137":0,"138":0,"139":0,"140":0,"141":0,"148":0,"149":0,"150":0,"160":0,"161":0,"162":0,"163":0,"164":0,"165":0,"166":0,"167":0,"168":0,"169":0,"170":0,"171":0,"172":0,"173":0,"174":0,"175":0,"176":0,"177":0,"178":0,"180":0,"183":0,"184":0,"185":0,"186":0,"187":0,"189":0,"190":0,"191":0,"192":0,"193":0,"198":0,"199":0,"200":0,"201":0,"202":0,"204":0,"205":0,"206":0,"207":0,"208":0,"209":0,"210":0,"211":0,"216":0,"217":0,"218":0,"220":0,"221":0,"222":0,"223":0,"225":0,"226":0,"227":0,"228":0,"229":0,"230":0,"235":0,"236":0,"237":0,"239":0,"240":0,"241":0,"242":0,"244":0,"245":0,"246":0,"247":0,"248":0,"249":0,"250":0},"branchMap":{"0":{"type":"branch","line":1,"loc":{"start":{"line":1,"column":8147},"end":{"line":251,"column":1}},"locations":[{"start":{"line":1,"column":8147},"end":{"line":251,"column":1}}]}},"b":{"0":[0]},"fnMap":{"0":{"name":"(empty-report)","decl":{"start":{"line":1,"column":8147},"end":{"line":251,"column":1}},"loc":{"start":{"line":1,"column":8147},"end":{"line":251,"column":1}},"line":1}},"f":{"0":0}}
}
